<?xml version="1.0" encoding="UTF-8"?>
<testsuite xmlns:xsi="http://www.w3.org/2001/XMLSchema-instance" xsi:noNamespaceSchemaLocation="https://maven.apache.org/surefire/maven-surefire-plugin/xsd/surefire-test-report-3.0.xsd" version="3.0" name="com.enterprise.totp.api.ActuatorSecurityTest" time="27.276" tests="3" errors="0" skipped="0" failures="0">
  <properties>
[...]
</properties>
  <testcase name="metricsEndpointRequiresAuthentication" classname="com.enterprise.totp.api.ActuatorSecurityTest" time="1.103">
    <system-out><![CDATA[17:31:36.627 [main] INFO org.springframework.test.context.support.AnnotationConfigContextLoaderUtils -- Could not detect default configuration classes for test class [com.enterprise.totp.api.ActuatorSecurityTest]: ActuatorSecurityTest does not declare any static, non-private, non-final, nested classes annotated with @Configuration.
17:31:36.902 [main] INFO org.springframework.boot.test.context.SpringBootTestContextBootstrapper -- Found @SpringBootConfiguration com.enterprise.totp.TotpEngineApplication for test class com.enterprise.totp.api.ActuatorSecurityTest

  .   ____          _            __ _ _
 /\\ / ___'_ __ _ _(_)_ __  __ _ \ \ \ \
( ( )\___ | '_ | '_| | '_ \/ _` | \ \ \ \
 \\/  ___)| |_)| | | | | || (_| |  ) ) ) )
  '  |____| .__|_| |_|_| |_\__, | / / / /
 =========|_|==============|___/=/_/_/_/

 :: Spring Boot ::                (v3.3.5)

17:31:38.001 DEBUG [background-preinit] [] org.jboss.logging - Logging Provider: org.jboss.logging.Slf4jLoggerProvider found via system property
17:31:38.005 INFO  [background-preinit] [] o.h.validator.internal.util.Version - HV000001: Hibernate Validator 8.0.1.Final
17:31:38.026 DEBUG [background-preinit] [] o.h.v.i.x.config.ValidationXmlParser - Trying to load META-INF/validation.xml for XML based Validator configuration.
17:31:38.030 DEBUG [background-preinit] [] o.h.v.i.x.c.ResourceLoaderHelper - Trying to load META-INF/validation.xml via TCCL
17:31:38.031 DEBUG [background-preinit] [] o.h.v.i.x.c.ResourceLoaderHelper - Trying to load META-INF/validation.xml via Hibernate Validator's class loader
17:31:38.031 DEBUG [background-preinit] [] o.h.v.i.x.config.ValidationXmlParser - No META-INF/validation.xml found. Using annotation based configuration only.
17:31:38.044 DEBUG [background-preinit] [] o.h.v.i.e.r.TraversableResolvers - Found jakarta.persistence.Persistence on classpath containing 'getPersistenceUtil'. Assuming JPA 2 environment. Trying to instantiate JPA aware TraversableResolver
17:31:38.046 DEBUG [background-preinit] [] o.h.v.i.e.r.TraversableResolvers - Instantiated JPA aware TraversableResolver of type org.hibernate.validator.internal.engine.resolver.JPATraversableResolver.
17:31:38.067 INFO  [main] [] c.e.totp.api.ActuatorSecurityTest - Starting ActuatorSecurityTest using Java 25.0.2 with PID 17996 (started by pawan in C:\Users\pawan\OneDrive\Desktop\project\distributed-totp-engine)
17:31:38.068 DEBUG [main] [] c.e.totp.api.ActuatorSecurityTest - Running with Spring Boot v3.3.5, Spring v6.1.14
17:31:38.070 INFO  [main] [] c.e.totp.api.ActuatorSecurityTest - No active profile set, falling back to 1 default profile: "default"
17:31:38.071 DEBUG [main] [] o.s.boot.SpringApplication - Loading source class com.enterprise.totp.TotpEngineApplication
17:31:38.102 DEBUG [background-preinit] [] o.h.v.m.ResourceBundleMessageInterpolator - Loaded expression factory via original TCCL
17:31:38.112 DEBUG [main] [] o.s.w.c.s.GenericWebApplicationContext - Refreshing org.springframework.web.context.support.GenericWebApplicationContext@7103ab0
17:31:38.155 DEBUG [main] [] o.s.b.f.s.DefaultListableBeanFactory - Creating shared instance of singleton bean 'org.springframework.context.annotation.internalConfigurationAnnotationProcessor'
17:31:38.191 DEBUG [main] [] o.s.b.f.s.DefaultListableBeanFactory - Creating shared instance of singleton bean 'org.springframework.boot.autoconfigure.internalCachingMetadataReaderFactory'
17:31:38.391 DEBUG [background-preinit] [] o.h.v.i.e.ValidatorFactoryConfigurationHelper - HV000252: Using org.hibernate.validator.internal.engine.DefaultPropertyNodeNameProvider as property node name provider.
17:31:38.406 DEBUG [background-preinit] [] o.h.v.i.e.ValidatorFactoryConfigurationHelper - HV000234: Using org.hibernate.validator.messageinterpolation.ResourceBundleMessageInterpolator as ValidatorFactory-scoped message interpolator.
17:31:38.406 DEBUG [background-preinit] [] o.h.v.i.e.ValidatorFactoryConfigurationHelper - HV000234: Using org.hibernate.validator.internal.engine.resolver.JPATraversableResolver as ValidatorFactory-scoped traversable resolver.
17:31:38.406 DEBUG [background-preinit] [] o.h.v.i.e.ValidatorFactoryConfigurationHelper - HV000234: Using org.hibernate.validator.internal.util.ExecutableParameterNameProvider as ValidatorFactory-scoped parameter name provider.
17:31:38.407 DEBUG [background-preinit] [] o.h.v.i.e.ValidatorFactoryConfigurationHelper - HV000234: Using org.hibernate.validator.internal.engine.DefaultClockProvider as ValidatorFactory-scoped clock provider.
17:31:38.407 DEBUG [background-preinit] [] o.h.v.i.e.ValidatorFactoryConfigurationHelper - HV000234: Using org.hibernate.validator.internal.engine.scripting.DefaultScriptEvaluatorFactory as ValidatorFactory-scoped script evaluator factory.
17:31:38.421 DEBUG [main] [] o.s.c.a.ClassPathBeanDefinitionScanner - Identified candidate component class: file [C:\Users\pawan\OneDrive\Desktop\project\distributed-totp-engine\target\classes\com\enterprise\totp\api\controller\MfaController.class]
17:31:38.446 DEBUG [main] [] o.s.c.a.ClassPathBeanDefinitionScanner - Identified candidate component class: file [C:\Users\pawan\OneDrive\Desktop\project\distributed-totp-engine\target\classes\com\enterprise\totp\api\exception\GlobalExceptionHandler.class]
17:31:38.462 DEBUG [main] [] o.s.c.a.ClassPathBeanDefinitionScanner - Identified candidate component class: file [C:\Users\pawan\OneDrive\Desktop\project\distributed-totp-engine\target\classes\com\enterprise\totp\application\AuditingMfaVerificationDecorator.class]
17:31:38.470 DEBUG [main] [] o.s.c.a.ClassPathBeanDefinitionScanner - Identified candidate component class: file [C:\Users\pawan\OneDrive\Desktop\project\distributed-totp-engine\target\classes\com\enterprise\totp\application\MfaSetupServiceImpl.class]
17:31:38.471 DEBUG [main] [] o.s.c.a.ClassPathBeanDefinitionScanner - Identified candidate component class: file [C:\Users\pawan\OneDrive\Desktop\project\distributed-totp-engine\target\classes\com\enterprise\totp\application\MfaVerificationServiceImpl.class]
17:31:38.473 DEBUG [main] [] o.s.c.a.ClassPathBeanDefinitionScanner - Identified candidate component class: file [C:\Users\pawan\OneDrive\Desktop\project\distributed-totp-engine\target\classes\com\enterprise\totp\config\ApplicationStartupValidator.class]
17:31:38.480 DEBUG [main] [] o.s.c.a.ClassPathBeanDefinitionScanner - Identified candidate component class: file [C:\Users\pawan\OneDrive\Desktop\project\distributed-totp-engine\target\classes\com\enterprise\totp\config\CacheConfig.class]
17:31:38.480 DEBUG [main] [] o.s.c.a.ClassPathBeanDefinitionScanner - Identified candidate component class: file [C:\Users\pawan\OneDrive\Desktop\project\distributed-totp-engine\target\classes\com\enterprise\totp\config\DatabaseReadinessIndicator.class]
17:31:38.482 DEBUG [main] [] o.s.c.a.ClassPathBeanDefinitionScanner - Identified candidate component class: file [C:\Users\pawan\OneDrive\Desktop\project\distributed-totp-engine\target\classes\com\enterprise\totp\config\JitWarmupRunner.class]
17:31:38.483 DEBUG [main] [] o.s.c.a.ClassPathBeanDefinitionScanner - Identified candidate component class: file [C:\Users\pawan\OneDrive\Desktop\project\distributed-totp-engine\target\classes\com\enterprise\totp\config\RequestIdFilter.class]
17:31:38.487 DEBUG [main] [] o.s.c.a.ClassPathBeanDefinitionScanner - Identified candidate component class: file [C:\Users\pawan\OneDrive\Desktop\project\distributed-totp-engine\target\classes\com\enterprise\totp\config\SchedulerConfig.class]
17:31:38.498 DEBUG [main] [] o.s.c.a.ClassPathBeanDefinitionScanner - Identified candidate component class: file [C:\Users\pawan\OneDrive\Desktop\project\distributed-totp-engine\target\classes\com\enterprise\totp\config\SecurityConfig.class]
17:31:38.503 DEBUG [main] [] o.s.c.a.ClassPathBeanDefinitionScanner - Identified candidate component class: file [C:\Users\pawan\OneDrive\Desktop\project\distributed-totp-engine\target\classes\com\enterprise\totp\config\TotpProperties.class]
17:31:38.534 DEBUG [main] [] o.s.c.a.ClassPathBeanDefinitionScanner - Ignored because not a concrete top-level class: file [C:\Users\pawan\OneDrive\Desktop\project\distributed-totp-engine\target\classes\com\enterprise\totp\infrastructure\persistence\repository\UserMfaProfileRepository.class]
17:31:40.397 DEBUG [main] [] i.g.r.s.u.RxJava2OnClasspathCondition - RxJava2 related Aspect extensions are not activated, because RxJava2 is not on the classpath.
17:31:40.400 DEBUG [main] [] i.g.r.s.u.ReactorOnClasspathCondition - Reactor related Aspect extensions are not activated because Reactor is not on the classpath.
17:31:40.429 DEBUG [main] [] i.g.r.s.u.RxJava2OnClasspathCondition - RxJava2 related Aspect extensions are not activated, because RxJava2 is not on the classpath.
17:31:40.431 DEBUG [main] [] i.g.r.s.u.ReactorOnClasspathCondition - Reactor related Aspect extensions are not activated because Reactor is not on the classpath.
17:31:40.513 DEBUG [main] [] i.g.r.s.u.RxJava2OnClasspathCondition - RxJava2 related Aspect extensions are not activated, because RxJava2 is not on the classpath.
17:31:40.514 DEBUG [main] [] i.g.r.s.u.ReactorOnClasspathCondition - Reactor related Aspect extensions are not activated because Reactor is not on the classpath.
17:31:40.552 DEBUG [main] [] i.g.r.s.u.RxJava2OnClasspathCondition - RxJava2 related Aspect extensions are not activated, because RxJava2 is not on the classpath.
17:31:40.553 DEBUG [main] [] i.g.r.s.u.ReactorOnClasspathCondition - Reactor related Aspect extensions are not activated because Reactor is not on the classpath.
17:31:40.582 DEBUG [main] [] i.g.r.s.u.RxJava2OnClasspathCondition - RxJava2 related Aspect extensions are not activated, because RxJava2 is not on the classpath.
17:31:40.584 DEBUG [main] [] i.g.r.s.u.ReactorOnClasspathCondition - Reactor related Aspect extensions are not activated because Reactor is not on the classpath.
17:31:40.625 DEBUG [main] [] i.g.r.s.u.RxJava2OnClasspathCondition - RxJava2 related Aspect extensions are not activated, because RxJava2 is not on the classpath.
17:31:40.628 DEBUG [main] [] i.g.r.s.u.ReactorOnClasspathCondition - Reactor related Aspect extensions are not activated because Reactor is not on the classpath.
17:31:40.662 DEBUG [main] [] i.g.r.s.u.RxJava2OnClasspathCondition - RxJava2 related Aspect extensions are not activated, because RxJava2 is not on the classpath.
17:31:40.663 DEBUG [main] [] i.g.r.s.u.ReactorOnClasspathCondition - Reactor related Aspect extensions are not activated because Reactor is not on the classpath.
17:31:41.184 INFO  [main] [] o.s.d.r.c.RepositoryConfigurationDelegate - Bootstrapping Spring Data JPA repositories in DEFAULT mode.
17:31:41.203 DEBUG [main] [] o.s.b.f.s.DefaultListableBeanFactory - Creating shared instance of singleton bean 'org.springframework.boot.autoconfigure.AutoConfigurationPackages'
17:31:41.224 DEBUG [main] [] o.s.b.a.AutoConfigurationPackages - @EnableAutoConfiguration was declared on a class in the package 'com.enterprise.totp'. Automatic @Repository and @Entity scanning is enabled.
17:31:41.228 DEBUG [main] [] o.s.d.r.c.RepositoryConfigurationDelegate - Scanning for JPA repositories in packages com.enterprise.totp.
17:31:41.285 DEBUG [main] [] o.s.d.r.c.RepositoryComponentProvider - Identified candidate component class: file [C:\Users\pawan\OneDrive\Desktop\project\distributed-totp-engine\target\classes\com\enterprise\totp\infrastructure\persistence\repository\UserMfaProfileRepository.class]
17:31:41.358 DEBUG [main] [] o.s.c.a.ClassPathScanningCandidateComponentProvider - Identified candidate component class: file [C:\Users\pawan\OneDrive\Desktop\project\distributed-totp-engine\target\classes\com\enterprise\totp\application\MfaSetupServiceImpl.class]
17:31:41.358 DEBUG [main] [] o.s.c.a.ClassPathScanningCandidateComponentProvider - Identified candidate component class: file [C:\Users\pawan\OneDrive\Desktop\project\distributed-totp-engine\target\classes\com\enterprise\totp\application\MfaVerificationServiceImpl.class]
17:31:41.385 INFO  [main] [] o.s.d.r.c.RepositoryConfigurationDelegate - Finished Spring Data repository scanning in 153 ms. Found 1 JPA repository interface.
17:31:41.635 DEBUG [main] [] o.s.b.f.s.DefaultListableBeanFactory - Creating shared instance of singleton bean 'org.springframework.boot.test.context.ImportsContextCustomizer$ImportsCleanupPostProcessor'
17:31:41.636 DEBUG [main] [] o.s.b.f.s.DefaultListableBeanFactory - Creating shared instance of singleton bean 'springSecurityHandlerMappingIntrospectorBeanDefinitionRegistryPostProcessor'
17:31:42.252 DEBUG [main] [] o.s.b.f.s.DefaultListableBeanFactory - Creating shared instance of singleton bean 'propertySourcesPlaceholderConfigurer'
17:31:42.262 DEBUG [main] [] o.s.b.f.s.DefaultListableBeanFactory - Creating shared instance of singleton bean 'org.springframework.boot.test.mock.mockito.MockitoPostProcessor'
17:31:42.264 DEBUG [main] [] o.s.b.f.s.DefaultListableBeanFactory - Creating shared instance of singleton bean 'org.springframework.boot.sql.init.dependency.DatabaseInitializationDependencyConfigurer$DependsOnDatabaseInitializationPostProcessor'
17:31:42.267 DEBUG [main] [] o.s.b.f.s.DefaultListableBeanFactory - Creating shared instance of singleton bean 'emBeanDefinitionRegistrarPostProcessor'
17:31:42.561 DEBUG [main] [] o.s.b.f.s.DefaultListableBeanFactory - Creating shared instance of singleton bean 'org.springframework.context.event.internalEventListenerProcessor'
17:31:42.564 DEBUG [main] [] o.s.b.f.s.DefaultListableBeanFactory - Creating shared instance of singleton bean 'conversionServicePostProcessor'
17:31:42.581 DEBUG [main] [] o.s.b.f.s.DefaultListableBeanFactory - Creating shared instance of singleton bean 'preserveErrorControllerTargetClassPostProcessor'
17:31:42.583 DEBUG [main] [] o.s.b.f.s.DefaultListableBeanFactory - Creating shared instance of singleton bean 'org.springframework.context.event.internalEventListenerFactory'
17:31:42.584 DEBUG [main] [] o.s.b.f.s.DefaultListableBeanFactory - Creating shared instance of singleton bean 'org.springframework.transaction.config.internalTransactionalEventListenerFactory'
17:31:42.597 DEBUG [main] [] o.s.b.f.s.DefaultListableBeanFactory - Creating shared instance of singleton bean 'org.springframework.context.annotation.internalAutowiredAnnotationProcessor'
17:31:42.601 DEBUG [main] [] o.s.b.f.s.DefaultListableBeanFactory - Creating shared instance of singleton bean 'org.springframework.context.annotation.internalCommonAnnotationProcessor'
17:31:42.611 DEBUG [main] [] o.s.b.f.s.DefaultListableBeanFactory - Creating shared instance of singleton bean 'org.springframework.context.annotation.internalPersistenceAnnotationProcessor'
17:31:42.612 DEBUG [main] [] o.s.b.f.s.DefaultListableBeanFactory - Creating shared instance of singleton bean 'org.springframework.boot.test.mock.mockito.MockitoPostProcessor$SpyPostProcessor'
17:31:42.614 DEBUG [main] [] o.s.b.f.s.DefaultListableBeanFactory - Creating shared instance of singleton bean 'org.springframework.boot.context.properties.ConfigurationPropertiesBindingPostProcessor'
17:31:42.615 DEBUG [main] [] o.s.b.f.s.DefaultListableBeanFactory - Creating shared instance of singleton bean 'org.springframework.boot.context.internalConfigurationPropertiesBinder'
17:31:42.621 DEBUG [main] [] o.s.b.f.s.DefaultListableBeanFactory - Creating shared instance of singleton bean 'jdbcConnectionDetailsHikariBeanPostProcessor'
17:31:42.630 DEBUG [main] [] o.s.b.f.s.DefaultListableBeanFactory - Creating shared instance of singleton bean 'org.springframework.context.annotation.internalScheduledAnnotationProcessor'
17:31:42.631 DEBUG [main] [] o.s.b.f.s.DefaultListableBeanFactory - Creating shared instance of singleton bean 'org.springframework.scheduling.annotation.SchedulingConfiguration'
17:31:42.653 DEBUG [main] [] o.s.b.f.s.DefaultListableBeanFactory - Creating shared instance of singleton bean 'methodValidationPostProcessor'
17:31:42.678 DEBUG [main] [] o.s.b.f.s.DefaultListableBeanFactory - Autowiring by type from bean name 'methodValidationPostProcessor' via factory method to bean named 'environment'
17:31:42.684 DEBUG [main] [] o.s.b.f.s.DefaultListableBeanFactory - Creating shared instance of singleton bean 'org.springframework.boot.context.properties.EnableConfigurationPropertiesRegistrar.methodValidationExcludeFilter'
17:31:42.727 DEBUG [main] [] o.s.b.f.s.DefaultListableBeanFactory - Creating shared instance of singleton bean 'org.springframework.aop.config.internalAutoProxyCreator'
17:31:42.760 DEBUG [main] [] o.s.b.f.s.DefaultListableBeanFactory - Creating shared instance of singleton bean 'persistenceExceptionTranslationPostProcessor'
17:31:42.761 DEBUG [main] [] o.s.b.f.s.DefaultListableBeanFactory - Autowiring by type from bean name 'persistenceExceptionTranslationPostProcessor' via factory method to bean named 'environment'
17:31:42.764 DEBUG [main] [] o.s.b.f.s.DefaultListableBeanFactory - Creating shared instance of singleton bean 'webServerFactoryCustomizerBeanPostProcessor'
17:31:42.770 DEBUG [main] [] o.s.b.f.s.DefaultListableBeanFactory - Creating shared instance of singleton bean 'errorPageRegistrarBeanPostProcessor'
17:31:42.771 DEBUG [main] [] o.s.b.f.s.DefaultListableBeanFactory - Creating shared instance of singleton bean 'meterRegistryPostProcessor'
17:31:42.773 DEBUG [main] [] o.s.b.f.s.DefaultListableBeanFactory - Creating shared instance of singleton bean 'org.springframework.transaction.config.internalTransactionAdvisor'
17:31:42.774 DEBUG [main] [] o.s.b.f.s.DefaultListableBeanFactory - Creating shared instance of singleton bean 'org.springframework.transaction.annotation.ProxyTransactionManagementConfiguration'
17:31:42.836 DEBUG [main] [] o.s.a.a.a.ReflectiveAspectJAdvisorFactory - Found AspectJ method: public java.lang.Object io.github.resilience4j.spring6.bulkhead.configure.BulkheadAspect.bulkheadAroundAdvice(org.aspectj.lang.ProceedingJoinPoint,io.github.resilience4j.bulkhead.annotation.Bulkhead) throws java.lang.Throwable
17:31:42.844 DEBUG [main] [] o.s.a.a.a.ReflectiveAspectJAdvisorFactory - Found AspectJ method: public java.lang.Object io.github.resilience4j.spring6.circuitbreaker.configure.CircuitBreakerAspect.circuitBreakerAroundAdvice(org.aspectj.lang.ProceedingJoinPoint,io.github.resilience4j.circuitbreaker.annotation.CircuitBreaker) throws java.lang.Throwable
17:31:42.854 DEBUG [main] [] o.s.a.a.a.ReflectiveAspectJAdvisorFactory - Found AspectJ method: public java.lang.Object io.github.resilience4j.spring6.micrometer.configure.TimerAspect.timerAroundAdvice(org.aspectj.lang.ProceedingJoinPoint,io.github.resilience4j.micrometer.annotation.Timer) throws java.lang.Throwable
17:31:42.857 DEBUG [main] [] o.s.a.a.a.ReflectiveAspectJAdvisorFactory - Found AspectJ method: public java.lang.Object io.github.resilience4j.spring6.ratelimiter.configure.RateLimiterAspect.rateLimiterAroundAdvice(org.aspectj.lang.ProceedingJoinPoint,io.github.resilience4j.ratelimiter.annotation.RateLimiter) throws java.lang.Throwable
17:31:42.860 DEBUG [main] [] o.s.a.a.a.ReflectiveAspectJAdvisorFactory - Found AspectJ method: public java.lang.Object io.github.resilience4j.spring6.retry.configure.RetryAspect.retryAroundAdvice(org.aspectj.lang.ProceedingJoinPoint,io.github.resilience4j.retry.annotation.Retry) throws java.lang.Throwable
17:31:42.863 DEBUG [main] [] o.s.a.a.a.ReflectiveAspectJAdvisorFactory - Found AspectJ method: public java.lang.Object io.github.resilience4j.spring6.timelimiter.configure.TimeLimiterAspect.timeLimiterAroundAdvice(org.aspectj.lang.ProceedingJoinPoint,io.github.resilience4j.timelimiter.annotation.TimeLimiter) throws java.lang.Throwable
17:31:42.878 DEBUG [main] [] o.s.a.a.a.ReflectiveAspectJAdvisorFactory - Found AspectJ method: public java.lang.Object io.micrometer.observation.aop.ObservedAspect.observeClass(org.aspectj.lang.ProceedingJoinPoint) throws java.lang.Throwable
17:31:42.879 DEBUG [main] [] o.s.a.a.a.ReflectiveAspectJAdvisorFactory - Found AspectJ method: public java.lang.Object io.micrometer.observation.aop.ObservedAspect.observeMethod(org.aspectj.lang.ProceedingJoinPoint) throws java.lang.Throwable
17:31:43.218 DEBUG [main] [] o.s.b.f.s.DefaultListableBeanFactory - Creating shared instance of singleton bean 'transactionAttributeSource'
17:31:43.260 DEBUG [main] [] o.s.b.f.s.DefaultListableBeanFactory - Creating shared instance of singleton bean 'transactionInterceptor'
17:31:43.262 DEBUG [main] [] o.s.b.f.s.DefaultListableBeanFactory - Autowiring by type from bean name 'transactionInterceptor' via factory method to bean named 'transactionAttributeSource'
17:31:43.281 DEBUG [main] [] o.s.b.f.s.DefaultListableBeanFactory - Autowiring by type from bean name 'org.springframework.transaction.config.internalTransactionAdvisor' via factory method to bean named 'transactionAttributeSource'
17:31:43.281 DEBUG [main] [] o.s.b.f.s.DefaultListableBeanFactory - Autowiring by type from bean name 'org.springframework.transaction.config.internalTransactionAdvisor' via factory method to bean named 'transactionInterceptor'
17:31:43.294 DEBUG [main] [] o.s.b.f.s.DefaultListableBeanFactory - Autowiring by type from bean name 'meterRegistryPostProcessor' via factory method to bean named 'org.springframework.web.context.support.GenericWebApplicationContext@7103ab0'
17:31:43.338 DEBUG [main] [] o.s.b.f.s.DefaultListableBeanFactory - Creating shared instance of singleton bean 'healthEndpointGroupsBeanPostProcessor'
17:31:43.360 DEBUG [main] [] o.s.b.f.s.DefaultListableBeanFactory - Creating shared instance of singleton bean 'metricsRepositoryMethodInvocationListenerBeanPostProcessor'
17:31:43.378 DEBUG [main] [] o.s.b.f.s.DefaultListableBeanFactory - Creating shared instance of singleton bean 'observationRegistryPostProcessor'
17:31:43.398 DEBUG [main] [] o.s.b.f.s.DefaultListableBeanFactory - Creating shared instance of singleton bean 'projectingArgumentResolverBeanPostProcessor'
17:31:43.473 DEBUG [main] [] o.s.u.c.s.UiApplicationContextUtils - Unable to locate ThemeSource with name 'themeSource': using default [org.springframework.ui.context.support.ResourceBundleThemeSource@59313495]
17:31:43.476 DEBUG [main] [] o.s.b.f.s.DefaultListableBeanFactory - Creating shared instance of singleton bean 'dataSourceScriptDatabaseInitializer'
17:31:43.476 DEBUG [main] [] o.s.b.f.s.DefaultListableBeanFactory - Creating shared instance of singleton bean 'org.springframework.boot.autoconfigure.sql.init.DataSourceInitializationConfiguration'
17:31:43.502 DEBUG [main] [] o.s.b.f.s.DefaultListableBeanFactory - Creating shared instance of singleton bean 'dataSource'
17:31:43.502 DEBUG [main] [] o.s.b.f.s.DefaultListableBeanFactory - Creating shared instance of singleton bean 'org.springframework.boot.autoconfigure.jdbc.DataSourceConfiguration$Hikari'
17:31:43.537 DEBUG [main] [] o.s.b.f.s.DefaultListableBeanFactory - Creating shared instance of singleton bean 'spring.datasource-org.springframework.boot.autoconfigure.jdbc.DataSourceProperties'
17:31:43.554 DEBUG [main] [] o.s.b.f.s.DefaultListableBeanFactory - Creating shared instance of singleton bean 'org.springframework.boot.context.properties.BoundConfigurationProperties'
17:31:43.693 DEBUG [main] [] o.s.b.f.s.DefaultListableBeanFactory - Creating shared instance of singleton bean 'jdbcConnectionDetails'
17:31:43.693 DEBUG [main] [] o.s.b.f.s.DefaultListableBeanFactory - Creating shared instance of singleton bean 'org.springframework.boot.autoconfigure.jdbc.DataSourceAutoConfiguration$PooledDataSourceConfiguration'
17:31:43.703 DEBUG [main] [] o.s.b.f.s.DefaultListableBeanFactory - Autowiring by type from bean name 'jdbcConnectionDetails' via factory method to bean named 'spring.datasource-org.springframework.boot.autoconfigure.jdbc.DataSourceProperties'
17:31:43.717 DEBUG [main] [] o.s.b.f.s.DefaultListableBeanFactory - Autowiring by type from bean name 'dataSource' via factory method to bean named 'spring.datasource-org.springframework.boot.autoconfigure.jdbc.DataSourceProperties'
17:31:43.718 DEBUG [main] [] o.s.b.f.s.DefaultListableBeanFactory - Autowiring by type from bean name 'dataSource' via factory method to bean named 'jdbcConnectionDetails'
17:31:43.723 DEBUG [main] [] com.zaxxer.hikari.HikariConfig - Driver class org.h2.Driver found in Thread context class loader jdk.internal.loader.ClassLoaders$AppClassLoader@105be200
17:31:43.914 DEBUG [main] [] o.s.b.f.s.DefaultListableBeanFactory - Creating shared instance of singleton bean 'spring.sql.init-org.springframework.boot.autoconfigure.sql.init.SqlInitializationProperties'
17:31:43.938 DEBUG [main] [] o.s.b.f.s.DefaultListableBeanFactory - Autowiring by type from bean name 'dataSourceScriptDatabaseInitializer' via factory method to bean named 'dataSource'
17:31:43.938 DEBUG [main] [] o.s.b.f.s.DefaultListableBeanFactory - Autowiring by type from bean name 'dataSourceScriptDatabaseInitializer' via factory method to bean named 'spring.sql.init-org.springframework.boot.autoconfigure.sql.init.SqlInitializationProperties'
17:31:43.977 DEBUG [main] [] o.s.b.f.s.DefaultListableBeanFactory - Creating shared instance of singleton bean 'entityManagerFactory'
17:31:43.978 DEBUG [main] [] o.s.b.f.s.DefaultListableBeanFactory - Creating shared instance of singleton bean 'org.springframework.boot.autoconfigure.orm.jpa.HibernateJpaConfiguration'
17:31:43.981 DEBUG [main] [] o.s.b.f.s.DefaultListableBeanFactory - Creating shared instance of singleton bean 'spring.jpa-org.springframework.boot.autoconfigure.orm.jpa.JpaProperties'
17:31:44.011 DEBUG [main] [] o.s.b.f.s.DefaultListableBeanFactory - Creating shared instance of singleton bean 'spring.jpa.hibernate-org.springframework.boot.autoconfigure.orm.jpa.HibernateProperties'
17:31:44.028 DEBUG [main] [] o.s.b.f.s.DefaultListableBeanFactory - Autowiring by type from bean name 'org.springframework.boot.autoconfigure.orm.jpa.HibernateJpaConfiguration' via constructor to bean named 'dataSource'
17:31:44.029 DEBUG [main] [] o.s.b.f.s.DefaultListableBeanFactory - Autowiring by type from bean name 'org.springframework.boot.autoconfigure.orm.jpa.HibernateJpaConfiguration' via constructor to bean named 'spring.jpa-org.springframework.boot.autoconfigure.orm.jpa.JpaProperties'
17:31:44.029 DEBUG [main] [] o.s.b.f.s.DefaultListableBeanFactory - Autowiring by type from bean name 'org.springframework.boot.autoconfigure.orm.jpa.HibernateJpaConfiguration' via constructor to bean named 'org.springframework.beans.factory.support.DefaultListableBeanFactory@58f07f02'
17:31:44.029 DEBUG [main] [] o.s.b.f.s.DefaultListableBeanFactory - Autowiring by type from bean name 'org.springframework.boot.autoconfigure.orm.jpa.HibernateJpaConfiguration' via constructor to bean named 'spring.jpa.hibernate-org.springframework.boot.autoconfigure.orm.jpa.HibernateProperties'
17:31:44.041 DEBUG [main] [] o.s.b.f.s.DefaultListableBeanFactory - Creating shared instance of singleton bean 'hikariPoolDataSourceMetadataProvider'
17:31:44.042 DEBUG [main] [] o.s.b.f.s.DefaultListableBeanFactory - Creating shared instance of singleton bean 'org.springframework.boot.autoconfigure.jdbc.metadata.DataSourcePoolMetadataProvidersConfiguration$HikariPoolDataSourceMetadataProviderConfiguration'
17:31:44.135 DEBUG [main] [] o.s.b.f.s.DefaultListableBeanFactory - Creating shared instance of singleton bean 'entityManagerFactoryBuilder'
17:31:44.137 DEBUG [main] [] o.s.b.f.s.DefaultListableBeanFactory - Creating shared instance of singleton bean 'jpaVendorAdapter'
17:31:44.203 DEBUG [main] [] o.s.b.f.s.DefaultListableBeanFactory - Autowiring by type from bean name 'entityManagerFactoryBuilder' via factory method to bean named 'jpaVendorAdapter'
17:31:44.229 DEBUG [main] [] o.s.b.f.s.DefaultListableBeanFactory - Creating shared instance of singleton bean 'persistenceManagedTypes'
17:31:44.232 DEBUG [main] [] o.s.b.f.s.DefaultListableBeanFactory - Autowiring by type from bean name 'persistenceManagedTypes' via factory method to bean named 'org.springframework.beans.factory.support.DefaultListableBeanFactory@58f07f02'
17:31:44.232 DEBUG [main] [] o.s.b.f.s.DefaultListableBeanFactory - Autowiring by type from bean name 'persistenceManagedTypes' via factory method to bean named 'org.springframework.web.context.support.GenericWebApplicationContext@7103ab0'
17:31:44.306 DEBUG [main] [] o.s.b.f.s.DefaultListableBeanFactory - Autowiring by type from bean name 'entityManagerFactory' via factory method to bean named 'entityManagerFactoryBuilder'
17:31:44.311 DEBUG [main] [] o.s.b.f.s.DefaultListableBeanFactory - Autowiring by type from bean name 'entityManagerFactory' via factory method to bean named 'persistenceManagedTypes'
17:31:44.389 DEBUG [main] [] o.s.o.j.LocalContainerEntityManagerFactoryBean - Building JPA container EntityManagerFactory for persistence unit 'default'
17:31:44.426 DEBUG [main] [] o.h.jpa.internal.util.LogHelper - PersistenceUnitInfo [
	name: default
	persistence provider classname: null
	classloader: jdk.internal.loader.ClassLoaders$AppClassLoader@105be200
	excludeUnlistedClasses: true
	JTA datasource: null
	Non JTA datasource: HikariDataSource (null)
	Transaction type: RESOURCE_LOCAL
	PU root URL: file:/C:/Users/pawan/OneDrive/Desktop/project/distributed-totp-engine/target/test-classes/
	Shared Cache Mode: UNSPECIFIED
	Validation Mode: AUTO
	Jar files URLs []
	Managed classes names [
		com.enterprise.totp.infrastructure.persistence.converter.HmacAlgorithmConverter
		com.enterprise.totp.infrastructure.persistence.entity.UserMfaProfile]
	Mapping files names []
	Properties []
17:31:44.450 DEBUG [main] [] o.h.i.internal.IntegratorServiceImpl - Adding Integrator [org.hibernate.boot.beanvalidation.BeanValidationIntegrator].
17:31:44.453 DEBUG [main] [] o.h.i.internal.IntegratorServiceImpl - Adding Integrator [org.hibernate.cache.internal.CollectionCacheInvalidator].
17:31:44.596 INFO  [main] [] org.hibernate.Version - HHH000412: Hibernate ORM core version 6.5.3.Final
17:31:44.607 DEBUG [main] [] org.hibernate.cfg.Environment - HHH000206: 'hibernate.properties' not found
17:31:44.691 DEBUG [main] [] org.hibernate.orm.idgen.factory - Registering IdentifierGenerator strategy [uuid2] -> [org.hibernate.id.UUIDGenerator]
17:31:44.692 DEBUG [main] [] org.hibernate.orm.idgen.factory - Registering IdentifierGenerator strategy [guid] -> [org.hibernate.id.GUIDGenerator]
17:31:44.693 DEBUG [main] [] org.hibernate.orm.idgen.factory - Registering IdentifierGenerator strategy [uuid] -> [org.hibernate.id.UUIDHexGenerator]
17:31:44.693 DEBUG [main] [] org.hibernate.orm.idgen.factory - Registering IdentifierGenerator strategy [uuid.hex] -> [org.hibernate.id.UUIDHexGenerator]
17:31:44.694 DEBUG [main] [] org.hibernate.orm.idgen.factory - Registering IdentifierGenerator strategy [assigned] -> [org.hibernate.id.Assigned]
17:31:44.696 DEBUG [main] [] org.hibernate.orm.idgen.factory - Registering IdentifierGenerator strategy [identity] -> [org.hibernate.id.IdentityGenerator]
17:31:44.697 DEBUG [main] [] org.hibernate.orm.idgen.factory - Registering IdentifierGenerator strategy [select] -> [org.hibernate.id.SelectGenerator]
17:31:44.700 DEBUG [main] [] org.hibernate.orm.idgen.factory - Registering IdentifierGenerator strategy [sequence] -> [org.hibernate.id.enhanced.SequenceStyleGenerator]
17:31:44.701 DEBUG [main] [] org.hibernate.orm.idgen.factory - Registering IdentifierGenerator strategy [increment] -> [org.hibernate.id.IncrementGenerator]
17:31:44.702 DEBUG [main] [] org.hibernate.orm.idgen.factory - Registering IdentifierGenerator strategy [foreign] -> [org.hibernate.id.ForeignGenerator]
17:31:44.702 DEBUG [main] [] org.hibernate.orm.idgen.factory - Registering IdentifierGenerator strategy [enhanced-sequence] -> [org.hibernate.id.enhanced.SequenceStyleGenerator]
17:31:44.706 DEBUG [main] [] org.hibernate.orm.idgen.factory - Registering IdentifierGenerator strategy [enhanced-table] -> [org.hibernate.id.enhanced.TableGenerator]
17:31:44.727 DEBUG [main] [] o.h.c.i.RegionFactoryInitiator - Cannot default RegionFactory based on registered strategies as `[]` RegionFactory strategies were registered
17:31:44.729 INFO  [main] [] o.h.c.i.RegionFactoryInitiator - HHH000026: Second-level cache disabled
17:31:45.169 DEBUG [main] [] o.hibernate.type.BasicTypeRegistry - Adding type registration boolean -> org.hibernate.type.BasicTypeReference@2b9ecd05
17:31:45.169 DEBUG [main] [] o.hibernate.type.BasicTypeRegistry - Adding type registration boolean -> org.hibernate.type.BasicTypeReference@2b9ecd05
17:31:45.170 DEBUG [main] [] o.hibernate.type.BasicTypeRegistry - Adding type registration java.lang.Boolean -> org.hibernate.type.BasicTypeReference@2b9ecd05
17:31:45.170 DEBUG [main] [] o.hibernate.type.BasicTypeRegistry - Adding type registration numeric_boolean -> org.hibernate.type.BasicTypeReference@31f1b268
17:31:45.170 DEBUG [main] [] o.hibernate.type.BasicTypeRegistry - Adding type registration org.hibernate.type.NumericBooleanConverter -> org.hibernate.type.BasicTypeReference@31f1b268
17:31:45.170 DEBUG [main] [] o.hibernate.type.BasicTypeRegistry - Adding type registration true_false -> org.hibernate.type.BasicTypeReference@3ec7ad61
17:31:45.170 DEBUG [main] [] o.hibernate.type.BasicTypeRegistry - Adding type registration org.hibernate.type.TrueFalseConverter -> org.hibernate.type.BasicTypeReference@3ec7ad61
17:31:45.170 DEBUG [main] [] o.hibernate.type.BasicTypeRegistry - Adding type registration yes_no -> org.hibernate.type.BasicTypeReference@2833c093
17:31:45.170 DEBUG [main] [] o.hibernate.type.BasicTypeRegistry - Adding type registration org.hibernate.type.YesNoConverter -> org.hibernate.type.BasicTypeReference@2833c093
17:31:45.171 DEBUG [main] [] o.hibernate.type.BasicTypeRegistry - Adding type registration byte -> org.hibernate.type.BasicTypeReference@7598d675
17:31:45.171 DEBUG [main] [] o.hibernate.type.BasicTypeRegistry - Adding type registration byte -> org.hibernate.type.BasicTypeReference@7598d675
17:31:45.171 DEBUG [main] [] o.hibernate.type.BasicTypeRegistry - Adding type registration java.lang.Byte -> org.hibernate.type.BasicTypeReference@7598d675
17:31:45.172 DEBUG [main] [] o.hibernate.type.BasicTypeRegistry - Adding type registration binary -> org.hibernate.type.BasicTypeReference@4946485c
17:31:45.172 DEBUG [main] [] o.hibernate.type.BasicTypeRegistry - Adding type registration byte[] -> org.hibernate.type.BasicTypeReference@4946485c
17:31:45.172 DEBUG [main] [] o.hibernate.type.BasicTypeRegistry - Adding type registration [B -> org.hibernate.type.BasicTypeReference@4946485c
17:31:45.172 DEBUG [main] [] o.hibernate.type.BasicTypeRegistry - Adding type registration binary_wrapper -> org.hibernate.type.BasicTypeReference@4ae958b0
17:31:45.172 DEBUG [main] [] o.hibernate.type.BasicTypeRegistry - Adding type registration wrapper-binary -> org.hibernate.type.BasicTypeReference@4ae958b0
17:31:45.173 DEBUG [main] [] o.hibernate.type.BasicTypeRegistry - Adding type registration image -> org.hibernate.type.BasicTypeReference@7c682e26
17:31:45.173 DEBUG [main] [] o.hibernate.type.BasicTypeRegistry - Adding type registration blob -> org.hibernate.type.BasicTypeReference@4ff074a0
17:31:45.173 DEBUG [main] [] o.hibernate.type.BasicTypeRegistry - Adding type registration java.sql.Blob -> org.hibernate.type.BasicTypeReference@4ff074a0
17:31:45.173 DEBUG [main] [] o.hibernate.type.BasicTypeRegistry - Adding type registration materialized_blob -> org.hibernate.type.BasicTypeReference@340fc1aa
17:31:45.173 DEBUG [main] [] o.hibernate.type.BasicTypeRegistry - Adding type registration materialized_blob_wrapper -> org.hibernate.type.BasicTypeReference@34a33343
17:31:45.174 DEBUG [main] [] o.hibernate.type.BasicTypeRegistry - Adding type registration short -> org.hibernate.type.BasicTypeReference@98722ef
17:31:45.175 DEBUG [main] [] o.hibernate.type.BasicTypeRegistry - Adding type registration short -> org.hibernate.type.BasicTypeReference@98722ef
17:31:45.175 DEBUG [main] [] o.hibernate.type.BasicTypeRegistry - Adding type registration java.lang.Short -> org.hibernate.type.BasicTypeReference@98722ef
17:31:45.175 DEBUG [main] [] o.hibernate.type.BasicTypeRegistry - Adding type registration integer -> org.hibernate.type.BasicTypeReference@459e120b
17:31:45.176 DEBUG [main] [] o.hibernate.type.BasicTypeRegistry - Adding type registration int -> org.hibernate.type.BasicTypeReference@459e120b
17:31:45.176 DEBUG [main] [] o.hibernate.type.BasicTypeRegistry - Adding type registration java.lang.Integer -> org.hibernate.type.BasicTypeReference@459e120b
17:31:45.176 DEBUG [main] [] o.hibernate.type.BasicTypeRegistry - Adding type registration long -> org.hibernate.type.BasicTypeReference@fd69983
17:31:45.178 DEBUG [main] [] o.hibernate.type.BasicTypeRegistry - Adding type registration long -> org.hibernate.type.BasicTypeReference@fd69983
17:31:45.179 DEBUG [main] [] o.hibernate.type.BasicTypeRegistry - Adding type registration java.lang.Long -> org.hibernate.type.BasicTypeReference@fd69983
17:31:45.179 DEBUG [main] [] o.hibernate.type.BasicTypeRegistry - Adding type registration float -> org.hibernate.type.BasicTypeReference@22429a11
17:31:45.179 DEBUG [main] [] o.hibernate.type.BasicTypeRegistry - Adding type registration float -> org.hibernate.type.BasicTypeReference@22429a11
17:31:45.180 DEBUG [main] [] o.hibernate.type.BasicTypeRegistry - Adding type registration java.lang.Float -> org.hibernate.type.BasicTypeReference@22429a11
17:31:45.180 DEBUG [main] [] o.hibernate.type.BasicTypeRegistry - Adding type registration double -> org.hibernate.type.BasicTypeReference@126254ec
17:31:45.180 DEBUG [main] [] o.hibernate.type.BasicTypeRegistry - Adding type registration double -> org.hibernate.type.BasicTypeReference@126254ec
17:31:45.180 DEBUG [main] [] o.hibernate.type.BasicTypeRegistry - Adding type registration java.lang.Double -> org.hibernate.type.BasicTypeReference@126254ec
17:31:45.180 DEBUG [main] [] o.hibernate.type.BasicTypeRegistry - Adding type registration big_integer -> org.hibernate.type.BasicTypeReference@275902e1
17:31:45.180 DEBUG [main] [] o.hibernate.type.BasicTypeRegistry - Adding type registration java.math.BigInteger -> org.hibernate.type.BasicTypeReference@275902e1
17:31:45.180 DEBUG [main] [] o.hibernate.type.BasicTypeRegistry - Adding type registration big_decimal -> org.hibernate.type.BasicTypeReference@1c788d08
17:31:45.181 DEBUG [main] [] o.hibernate.type.BasicTypeRegistry - Adding type registration java.math.BigDecimal -> org.hibernate.type.BasicTypeReference@1c788d08
17:31:45.181 DEBUG [main] [] o.hibernate.type.BasicTypeRegistry - Adding type registration character -> org.hibernate.type.BasicTypeReference@2adc1e84
17:31:45.181 DEBUG [main] [] o.hibernate.type.BasicTypeRegistry - Adding type registration char -> org.hibernate.type.BasicTypeReference@2adc1e84
17:31:45.181 DEBUG [main] [] o.hibernate.type.BasicTypeRegistry - Adding type registration java.lang.Character -> org.hibernate.type.BasicTypeReference@2adc1e84
17:31:45.181 DEBUG [main] [] o.hibernate.type.BasicTypeRegistry - Adding type registration character_nchar -> org.hibernate.type.BasicTypeReference@2a99fa07
17:31:45.181 DEBUG [main] [] o.hibernate.type.BasicTypeRegistry - Adding type registration string -> org.hibernate.type.BasicTypeReference@45b8bbbf
17:31:45.181 DEBUG [main] [] o.hibernate.type.BasicTypeRegistry - Adding type registration java.lang.String -> org.hibernate.type.BasicTypeReference@45b8bbbf
17:31:45.182 DEBUG [main] [] o.hibernate.type.BasicTypeRegistry - Adding type registration nstring -> org.hibernate.type.BasicTypeReference@1df06ecd
17:31:45.182 DEBUG [main] [] o.hibernate.type.BasicTypeRegistry - Adding type registration characters -> org.hibernate.type.BasicTypeReference@57927bc9
17:31:45.182 DEBUG [main] [] o.hibernate.type.BasicTypeRegistry - Adding type registration char[] -> org.hibernate.type.BasicTypeReference@57927bc9
17:31:45.182 DEBUG [main] [] o.hibernate.type.BasicTypeRegistry - Adding type registration [C -> org.hibernate.type.BasicTypeReference@57927bc9
17:31:45.182 DEBUG [main] [] o.hibernate.type.BasicTypeRegistry - Adding type registration wrapper-characters -> org.hibernate.type.BasicTypeReference@323efafe
17:31:45.182 DEBUG [main] [] o.hibernate.type.BasicTypeRegistry - Adding type registration text -> org.hibernate.type.BasicTypeReference@32dbca45
17:31:45.185 DEBUG [main] [] o.hibernate.type.BasicTypeRegistry - Adding type registration ntext -> org.hibernate.type.BasicTypeReference@2cc34cd5
17:31:45.187 DEBUG [main] [] o.hibernate.type.BasicTypeRegistry - Adding type registration clob -> org.hibernate.type.BasicTypeReference@684b26b7
17:31:45.187 DEBUG [main] [] o.hibernate.type.BasicTypeRegistry - Adding type registration java.sql.Clob -> org.hibernate.type.BasicTypeReference@684b26b7
17:31:45.187 DEBUG [main] [] o.hibernate.type.BasicTypeRegistry - Adding type registration nclob -> org.hibernate.type.BasicTypeReference@2de7c84a
17:31:45.187 DEBUG [main] [] o.hibernate.type.BasicTypeRegistry - Adding type registration java.sql.NClob -> org.hibernate.type.BasicTypeReference@2de7c84a
17:31:45.187 DEBUG [main] [] o.hibernate.type.BasicTypeRegistry - Adding type registration materialized_clob -> org.hibernate.type.BasicTypeReference@4182a651
17:31:45.188 DEBUG [main] [] o.hibernate.type.BasicTypeRegistry - Adding type registration materialized_clob_char_array -> org.hibernate.type.BasicTypeReference@7791ff50
17:31:45.188 DEBUG [main] [] o.hibernate.type.BasicTypeRegistry - Adding type registration materialized_clob_character_array -> org.hibernate.type.BasicTypeReference@46de118b
17:31:45.188 DEBUG [main] [] o.hibernate.type.BasicTypeRegistry - Adding type registration materialized_nclob -> org.hibernate.type.BasicTypeReference@55682482
17:31:45.188 DEBUG [main] [] o.hibernate.type.BasicTypeRegistry - Adding type registration materialized_nclob_character_array -> org.hibernate.type.BasicTypeReference@10cb050
17:31:45.188 DEBUG [main] [] o.hibernate.type.BasicTypeRegistry - Adding type registration materialized_nclob_char_array -> org.hibernate.type.BasicTypeReference@799fb45e
17:31:45.188 DEBUG [main] [] o.hibernate.type.BasicTypeRegistry - Adding type registration Duration -> org.hibernate.type.BasicTypeReference@4f7ba0af
17:31:45.189 DEBUG [main] [] o.hibernate.type.BasicTypeRegistry - Adding type registration java.time.Duration -> org.hibernate.type.BasicTypeReference@4f7ba0af
17:31:45.189 DEBUG [main] [] o.hibernate.type.BasicTypeRegistry - Adding type registration LocalDateTime -> org.hibernate.type.BasicTypeReference@5b23c1f6
17:31:45.189 DEBUG [main] [] o.hibernate.type.BasicTypeRegistry - Adding type registration java.time.LocalDateTime -> org.hibernate.type.BasicTypeReference@5b23c1f6
17:31:45.190 DEBUG [main] [] o.hibernate.type.BasicTypeRegistry - Adding type registration LocalDate -> org.hibernate.type.BasicTypeReference@3f4964f2
17:31:45.190 DEBUG [main] [] o.hibernate.type.BasicTypeRegistry - Adding type registration java.time.LocalDate -> org.hibernate.type.BasicTypeReference@3f4964f2
17:31:45.190 DEBUG [main] [] o.hibernate.type.BasicTypeRegistry - Adding type registration LocalTime -> org.hibernate.type.BasicTypeReference@3bf01a01
17:31:45.190 DEBUG [main] [] o.hibernate.type.BasicTypeRegistry - Adding type registration java.time.LocalTime -> org.hibernate.type.BasicTypeReference@3bf01a01
17:31:45.190 DEBUG [main] [] o.hibernate.type.BasicTypeRegistry - Adding type registration OffsetDateTime -> org.hibernate.type.BasicTypeReference@299cab08
17:31:45.190 DEBUG [main] [] o.hibernate.type.BasicTypeRegistry - Adding type registration java.time.OffsetDateTime -> org.hibernate.type.BasicTypeReference@299cab08
17:31:45.193 DEBUG [main] [] o.hibernate.type.BasicTypeRegistry - Adding type registration OffsetDateTimeWithTimezone -> org.hibernate.type.BasicTypeReference@6c75e3bc
17:31:45.194 DEBUG [main] [] o.hibernate.type.BasicTypeRegistry - Adding type registration OffsetDateTimeWithoutTimezone -> org.hibernate.type.BasicTypeReference@186f7434
17:31:45.196 DEBUG [main] [] o.hibernate.type.BasicTypeRegistry - Adding type registration OffsetTime -> org.hibernate.type.BasicTypeReference@2374452a
17:31:45.196 DEBUG [main] [] o.hibernate.type.BasicTypeRegistry - Adding type registration java.time.OffsetTime -> org.hibernate.type.BasicTypeReference@2374452a
17:31:45.196 DEBUG [main] [] o.hibernate.type.BasicTypeRegistry - Adding type registration OffsetTimeUtc -> org.hibernate.type.BasicTypeReference@6ffc6ea7
17:31:45.196 DEBUG [main] [] o.hibernate.type.BasicTypeRegistry - Adding type registration OffsetTimeWithTimezone -> org.hibernate.type.BasicTypeReference@2c5708e7
17:31:45.197 DEBUG [main] [] o.hibernate.type.BasicTypeRegistry - Adding type registration OffsetTimeWithoutTimezone -> org.hibernate.type.BasicTypeReference@4ffa078d
17:31:45.197 DEBUG [main] [] o.hibernate.type.BasicTypeRegistry - Adding type registration ZonedDateTime -> org.hibernate.type.BasicTypeReference@4e26564d
17:31:45.197 DEBUG [main] [] o.hibernate.type.BasicTypeRegistry - Adding type registration java.time.ZonedDateTime -> org.hibernate.type.BasicTypeReference@4e26564d
17:31:45.197 DEBUG [main] [] o.hibernate.type.BasicTypeRegistry - Adding type registration ZonedDateTimeWithTimezone -> org.hibernate.type.BasicTypeReference@42238078
17:31:45.197 DEBUG [main] [] o.hibernate.type.BasicTypeRegistry - Adding type registration ZonedDateTimeWithoutTimezone -> org.hibernate.type.BasicTypeReference@5627b8eb
17:31:45.197 DEBUG [main] [] o.hibernate.type.BasicTypeRegistry - Adding type registration date -> org.hibernate.type.BasicTypeReference@49fe0bcd
17:31:45.197 DEBUG [main] [] o.hibernate.type.BasicTypeRegistry - Adding type registration java.sql.Date -> org.hibernate.type.BasicTypeReference@49fe0bcd
17:31:45.197 DEBUG [main] [] o.hibernate.type.BasicTypeRegistry - Adding type registration time -> org.hibernate.type.BasicTypeReference@3516b881
17:31:45.198 DEBUG [main] [] o.hibernate.type.BasicTypeRegistry - Adding type registration java.sql.Time -> org.hibernate.type.BasicTypeReference@3516b881
17:31:45.198 DEBUG [main] [] o.hibernate.type.BasicTypeRegistry - Adding type registration timestamp -> org.hibernate.type.BasicTypeReference@6be8ce1b
17:31:45.198 DEBUG [main] [] o.hibernate.type.BasicTypeRegistry - Adding type registration java.sql.Timestamp -> org.hibernate.type.BasicTypeReference@6be8ce1b
17:31:45.198 DEBUG [main] [] o.hibernate.type.BasicTypeRegistry - Adding type registration java.util.Date -> org.hibernate.type.BasicTypeReference@6be8ce1b
17:31:45.198 DEBUG [main] [] o.hibernate.type.BasicTypeRegistry - Adding type registration calendar -> org.hibernate.type.BasicTypeReference@e3c36d
17:31:45.200 DEBUG [main] [] o.hibernate.type.BasicTypeRegistry - Adding type registration java.util.Calendar -> org.hibernate.type.BasicTypeReference@e3c36d
17:31:45.200 DEBUG [main] [] o.hibernate.type.BasicTypeRegistry - Adding type registration java.util.GregorianCalendar -> org.hibernate.type.BasicTypeReference@e3c36d
17:31:45.200 DEBUG [main] [] o.hibernate.type.BasicTypeRegistry - Adding type registration calendar_date -> org.hibernate.type.BasicTypeReference@39a865c1
17:31:45.200 DEBUG [main] [] o.hibernate.type.BasicTypeRegistry - Adding type registration calendar_time -> org.hibernate.type.BasicTypeReference@141dfcf9
17:31:45.200 DEBUG [main] [] o.hibernate.type.BasicTypeRegistry - Adding type registration instant -> org.hibernate.type.BasicTypeReference@a7bbdbc
17:31:45.200 DEBUG [main] [] o.hibernate.type.BasicTypeRegistry - Adding type registration java.time.Instant -> org.hibernate.type.BasicTypeReference@a7bbdbc
17:31:45.201 DEBUG [main] [] o.hibernate.type.BasicTypeRegistry - Adding type registration uuid -> org.hibernate.type.BasicTypeReference@63eea8c4
17:31:45.201 DEBUG [main] [] o.hibernate.type.BasicTypeRegistry - Adding type registration java.util.UUID -> org.hibernate.type.BasicTypeReference@63eea8c4
17:31:45.201 DEBUG [main] [] o.hibernate.type.BasicTypeRegistry - Adding type registration pg-uuid -> org.hibernate.type.BasicTypeReference@63eea8c4
17:31:45.201 DEBUG [main] [] o.hibernate.type.BasicTypeRegistry - Adding type registration uuid-binary -> org.hibernate.type.BasicTypeReference@19924f15
17:31:45.201 DEBUG [main] [] o.hibernate.type.BasicTypeRegistry - Adding type registration uuid-char -> org.hibernate.type.BasicTypeReference@621392ea
17:31:45.201 DEBUG [main] [] o.hibernate.type.BasicTypeRegistry - Adding type registration class -> org.hibernate.type.BasicTypeReference@35524549
17:31:45.201 DEBUG [main] [] o.hibernate.type.BasicTypeRegistry - Adding type registration java.lang.Class -> org.hibernate.type.BasicTypeReference@35524549
17:31:45.201 DEBUG [main] [] o.hibernate.type.BasicTypeRegistry - Adding type registration currency -> org.hibernate.type.BasicTypeReference@23ec63af
17:31:45.201 DEBUG [main] [] o.hibernate.type.BasicTypeRegistry - Adding type registration Currency -> org.hibernate.type.BasicTypeReference@23ec63af
17:31:45.215 DEBUG [main] [] o.hibernate.type.BasicTypeRegistry - Adding type registration java.util.Currency -> org.hibernate.type.BasicTypeReference@23ec63af
17:31:45.215 DEBUG [main] [] o.hibernate.type.BasicTypeRegistry - Adding type registration locale -> org.hibernate.type.BasicTypeReference@280d6a20
17:31:45.215 DEBUG [main] [] o.hibernate.type.BasicTypeRegistry - Adding type registration java.util.Locale -> org.hibernate.type.BasicTypeReference@280d6a20
17:31:45.215 DEBUG [main] [] o.hibernate.type.BasicTypeRegistry - Adding type registration serializable -> org.hibernate.type.BasicTypeReference@56f72909
17:31:45.215 DEBUG [main] [] o.hibernate.type.BasicTypeRegistry - Adding type registration java.io.Serializable -> org.hibernate.type.BasicTypeReference@56f72909
17:31:45.215 DEBUG [main] [] o.hibernate.type.BasicTypeRegistry - Adding type registration timezone -> org.hibernate.type.BasicTypeReference@71285693
17:31:45.215 DEBUG [main] [] o.hibernate.type.BasicTypeRegistry - Adding type registration java.util.TimeZone -> org.hibernate.type.BasicTypeReference@71285693
17:31:45.216 DEBUG [main] [] o.hibernate.type.BasicTypeRegistry - Adding type registration ZoneOffset -> org.hibernate.type.BasicTypeReference@3199a202
17:31:45.216 DEBUG [main] [] o.hibernate.type.BasicTypeRegistry - Adding type registration java.time.ZoneOffset -> org.hibernate.type.BasicTypeReference@3199a202
17:31:45.216 DEBUG [main] [] o.hibernate.type.BasicTypeRegistry - Adding type registration url -> org.hibernate.type.BasicTypeReference@7286827b
17:31:45.216 DEBUG [main] [] o.hibernate.type.BasicTypeRegistry - Adding type registration java.net.URL -> org.hibernate.type.BasicTypeReference@7286827b
17:31:45.216 DEBUG [main] [] o.hibernate.type.BasicTypeRegistry - Adding type registration vector -> org.hibernate.type.BasicTypeReference@1dd64243
17:31:45.216 DEBUG [main] [] o.hibernate.type.BasicTypeRegistry - Adding type registration row_version -> org.hibernate.type.BasicTypeReference@2ef913a4
17:31:45.230 DEBUG [main] [] o.hibernate.type.BasicTypeRegistry - Adding type registration object -> org.hibernate.type.JavaObjectType@5eee3da9
17:31:45.230 DEBUG [main] [] o.hibernate.type.BasicTypeRegistry - Adding type registration java.lang.Object -> org.hibernate.type.JavaObjectType@5eee3da9
17:31:45.233 DEBUG [main] [] o.hibernate.type.BasicTypeRegistry - Adding type registration null -> org.hibernate.type.NullType@3dd750ba
17:31:45.234 DEBUG [main] [] o.hibernate.type.BasicTypeRegistry - Adding type registration imm_date -> org.hibernate.type.BasicTypeReference@7eefaca0
17:31:45.234 DEBUG [main] [] o.hibernate.type.BasicTypeRegistry - Adding type registration imm_time -> org.hibernate.type.BasicTypeReference@7d5ef1c3
17:31:45.234 DEBUG [main] [] o.hibernate.type.BasicTypeRegistry - Adding type registration imm_timestamp -> org.hibernate.type.BasicTypeReference@33eab2e8
17:31:45.234 DEBUG [main] [] o.hibernate.type.BasicTypeRegistry - Adding type registration imm_calendar -> org.hibernate.type.BasicTypeReference@34bf66af
17:31:45.234 DEBUG [main] [] o.hibernate.type.BasicTypeRegistry - Adding type registration imm_calendar_date -> org.hibernate.type.BasicTypeReference@37364634
17:31:45.234 DEBUG [main] [] o.hibernate.type.BasicTypeRegistry - Adding type registration imm_calendar_time -> org.hibernate.type.BasicTypeReference@3dec79f8
17:31:45.234 DEBUG [main] [] o.hibernate.type.BasicTypeRegistry - Adding type registration imm_binary -> org.hibernate.type.BasicTypeReference@5bf7f15f
17:31:45.234 DEBUG [main] [] o.hibernate.type.BasicTypeRegistry - Adding type registration imm_serializable -> org.hibernate.type.BasicTypeReference@14b26e90
17:31:45.249 DEBUG [main] [] o.h.b.internal.BootstrapContextImpl - Injecting JPA temp ClassLoader [org.springframework.instrument.classloading.SimpleThrowawayClassLoader@27fc0217] into BootstrapContext; was [null]
17:31:45.249 DEBUG [main] [] o.h.b.internal.ClassLoaderAccessImpl - ClassLoaderAccessImpl#injectTempClassLoader(org.springframework.instrument.classloading.SimpleThrowawayClassLoader@27fc0217) [was null]
17:31:45.250 DEBUG [main] [] o.h.b.internal.BootstrapContextImpl - Injecting ScanEnvironment [org.hibernate.jpa.boot.internal.StandardJpaScanEnvironmentImpl@472719df] into BootstrapContext; was [null]
17:31:45.250 DEBUG [main] [] o.h.b.internal.BootstrapContextImpl - Injecting ScanOptions [org.hibernate.boot.archive.scan.internal.StandardScanOptions@5cfa2ac5] into BootstrapContext; was [org.hibernate.boot.archive.scan.internal.StandardScanOptions@4cc89246]
17:31:45.701 INFO  [main] [] o.s.o.j.p.SpringPersistenceUnitInfo - No LoadTimeWeaver setup: ignoring JPA class transformer
17:31:45.701 DEBUG [main] [] o.h.b.internal.BootstrapContextImpl - Injecting JPA temp ClassLoader [null] into BootstrapContext; was [org.springframework.instrument.classloading.SimpleThrowawayClassLoader@27fc0217]
17:31:45.701 DEBUG [main] [] o.h.b.internal.ClassLoaderAccessImpl - ClassLoaderAccessImpl#injectTempClassLoader(null) [was org.springframework.instrument.classloading.SimpleThrowawayClassLoader@27fc0217]
17:31:45.765 DEBUG [main] [] com.zaxxer.hikari.HikariConfig - HikariPool-1 - configuration:
17:31:45.771 DEBUG [main] [] com.zaxxer.hikari.HikariConfig - allowPoolSuspension.............false
17:31:45.771 DEBUG [main] [] com.zaxxer.hikari.HikariConfig - autoCommit......................true
17:31:45.771 DEBUG [main] [] com.zaxxer.hikari.HikariConfig - catalog.........................none
17:31:45.772 DEBUG [main] [] com.zaxxer.hikari.HikariConfig - connectionInitSql...............none
17:31:45.772 DEBUG [main] [] com.zaxxer.hikari.HikariConfig - connectionTestQuery.............none
17:31:45.775 DEBUG [main] [] com.zaxxer.hikari.HikariConfig - connectionTimeout...............30000
17:31:45.775 DEBUG [main] [] com.zaxxer.hikari.HikariConfig - dataSource......................none
17:31:45.776 DEBUG [main] [] com.zaxxer.hikari.HikariConfig - dataSourceClassName.............none
17:31:45.776 DEBUG [main] [] com.zaxxer.hikari.HikariConfig - dataSourceJNDI..................none
17:31:45.777 DEBUG [main] [] com.zaxxer.hikari.HikariConfig - dataSourceProperties............{password=<masked>}
17:31:45.778 DEBUG [main] [] com.zaxxer.hikari.HikariConfig - driverClassName................."org.h2.Driver"
17:31:45.778 DEBUG [main] [] com.zaxxer.hikari.HikariConfig - exceptionOverrideClassName......none
17:31:45.778 DEBUG [main] [] com.zaxxer.hikari.HikariConfig - healthCheckProperties...........{}
17:31:45.778 DEBUG [main] [] com.zaxxer.hikari.HikariConfig - healthCheckRegistry.............none
17:31:45.779 DEBUG [main] [] com.zaxxer.hikari.HikariConfig - idleTimeout.....................600000
17:31:45.779 DEBUG [main] [] com.zaxxer.hikari.HikariConfig - initializationFailTimeout.......1
17:31:45.779 DEBUG [main] [] com.zaxxer.hikari.HikariConfig - isolateInternalQueries..........false
17:31:45.780 DEBUG [main] [] com.zaxxer.hikari.HikariConfig - jdbcUrl.........................jdbc:h2:mem:testdb;DB_CLOSE_DELAY=-1;DB_CLOSE_ON_EXIT=FALSE;MODE=PostgreSQL;DEFAULT_NULL_ORDERING=HIGH
17:31:45.780 DEBUG [main] [] com.zaxxer.hikari.HikariConfig - keepaliveTime...................0
17:31:45.780 DEBUG [main] [] com.zaxxer.hikari.HikariConfig - leakDetectionThreshold..........0
17:31:45.780 DEBUG [main] [] com.zaxxer.hikari.HikariConfig - maxLifetime.....................1800000
17:31:45.780 DEBUG [main] [] com.zaxxer.hikari.HikariConfig - maximumPoolSize.................10
17:31:45.781 DEBUG [main] [] com.zaxxer.hikari.HikariConfig - metricRegistry..................none
17:31:45.781 DEBUG [main] [] com.zaxxer.hikari.HikariConfig - metricsTrackerFactory...........none
17:31:45.781 DEBUG [main] [] com.zaxxer.hikari.HikariConfig - minimumIdle.....................10
17:31:45.781 DEBUG [main] [] com.zaxxer.hikari.HikariConfig - password........................<masked>
17:31:45.782 DEBUG [main] [] com.zaxxer.hikari.HikariConfig - poolName........................"HikariPool-1"
17:31:45.782 DEBUG [main] [] com.zaxxer.hikari.HikariConfig - readOnly........................false
17:31:45.782 DEBUG [main] [] com.zaxxer.hikari.HikariConfig - registerMbeans..................false
17:31:45.782 DEBUG [main] [] com.zaxxer.hikari.HikariConfig - scheduledExecutor...............none
17:31:45.783 DEBUG [main] [] com.zaxxer.hikari.HikariConfig - schema..........................none
17:31:45.785 DEBUG [main] [] com.zaxxer.hikari.HikariConfig - threadFactory...................internal
17:31:45.786 DEBUG [main] [] com.zaxxer.hikari.HikariConfig - transactionIsolation............default
17:31:45.787 DEBUG [main] [] com.zaxxer.hikari.HikariConfig - username........................"sa"
17:31:45.787 DEBUG [main] [] com.zaxxer.hikari.HikariConfig - validationTimeout...............5000
17:31:45.787 INFO  [main] [] com.zaxxer.hikari.HikariDataSource - HikariPool-1 - Starting...
17:31:46.157 INFO  [main] [] com.zaxxer.hikari.pool.HikariPool - HikariPool-1 - Added connection conn0: url=jdbc:h2:mem:testdb user=SA
17:31:46.159 INFO  [main] [] com.zaxxer.hikari.HikariDataSource - HikariPool-1 - Start completed.
17:31:46.171 DEBUG [main] [] o.h.e.j.e.i.JdbcEnvironmentInitiator - Database ->
	   name : H2
	version : 2.2.224 (2023-09-17)
	  major : 2
	  minor : 2
17:31:46.171 DEBUG [main] [] o.h.e.j.e.i.JdbcEnvironmentInitiator - Driver ->
	   name : H2 JDBC Driver
	version : 2.2.224 (2023-09-17)
	  major : 2
	  minor : 2
17:31:46.171 DEBUG [main] [] o.h.e.j.e.i.JdbcEnvironmentInitiator - JDBC version : 4.2
17:31:46.204 WARN  [main] [] org.hibernate.orm.deprecation - HHH90000025: H2Dialect does not need to be specified explicitly using 'hibernate.dialect' (remove the property setting and it will be selected by default)
17:31:46.206 DEBUG [main] [] org.hibernate.orm.dialect - HHH035001: Using dialect: org.hibernate.dialect.H2Dialect, version: 2.2.224
17:31:46.210 DEBUG [main] [] o.h.e.j.e.s.IdentifierHelperBuilder - JDBC driver metadata reported database stores quoted identifiers in neither upper, lower nor mixed case
17:31:46.260 DEBUG [HikariPool-1 housekeeper] [] com.zaxxer.hikari.pool.HikariPool - HikariPool-1 - Pool stats (total=1, active=0, idle=1, waiting=0)
17:31:46.264 DEBUG [main] [] o.h.t.d.jdbc.spi.JdbcTypeRegistry - addDescriptor(NCharTypeDescriptor) replaced previous registration(CharTypeDescriptor)
17:31:46.264 DEBUG [main] [] o.h.t.d.jdbc.spi.JdbcTypeRegistry - addDescriptor(NVarcharTypeDescriptor) replaced previous registration(VarcharTypeDescriptor)
17:31:46.262 DEBUG [HikariPool-1 connection adder] [] com.zaxxer.hikari.pool.HikariPool - HikariPool-1 - Added connection conn1: url=jdbc:h2:mem:testdb user=SA
17:31:46.265 DEBUG [main] [] o.h.t.d.jdbc.spi.JdbcTypeRegistry - addDescriptor(LongNVarcharTypeDescriptor) replaced previous registration(LongVarcharTypeDescriptor)
17:31:46.269 DEBUG [main] [] o.h.t.d.jdbc.spi.JdbcTypeRegistry - addDescriptor(NClobTypeDescriptor(DEFAULT)) replaced previous registration(ClobTypeDescriptor(DEFAULT))
17:31:46.270 DEBUG [main] [] o.h.t.d.jdbc.spi.JdbcTypeRegistry - addDescriptor(2005, ClobTypeDescriptor(STREAM_BINDING)) replaced previous registration(ClobTypeDescriptor(DEFAULT))
17:31:46.273 DEBUG [main] [] o.h.t.d.jdbc.spi.JdbcTypeRegistry - addDescriptor(TimestampUtcDescriptor) replaced previous registration(TimestampUtcDescriptor)
17:31:46.281 DEBUG [main] [] o.hibernate.type.BasicTypeRegistry - Adding type registration org.hibernate.type.DurationType -> basicType@1(java.time.Duration,3015)
17:31:46.281 DEBUG [main] [] o.hibernate.type.BasicTypeRegistry - Adding type registration Duration -> basicType@1(java.time.Duration,3015)
17:31:46.281 DEBUG [main] [] o.hibernate.type.BasicTypeRegistry - Adding type registration java.time.Duration -> basicType@1(java.time.Duration,3015)
17:31:46.289 DEBUG [main] [] o.h.type.spi.TypeConfiguration$Scope - Scoping TypeConfiguration [org.hibernate.type.spi.TypeConfiguration@3e18e693] to MetadataBuildingContext [org.hibernate.boot.internal.MetadataBuildingContextRootImpl@3d12f065]
17:31:46.297 DEBUG [HikariPool-1 connection adder] [] com.zaxxer.hikari.pool.HikariPool - HikariPool-1 - After adding stats (total=2, active=0, idle=2, waiting=0)
17:31:46.298 DEBUG [HikariPool-1 connection adder] [] com.zaxxer.hikari.pool.HikariPool - HikariPool-1 - Added connection conn2: url=jdbc:h2:mem:testdb user=SA
17:31:46.329 DEBUG [HikariPool-1 connection adder] [] com.zaxxer.hikari.pool.HikariPool - HikariPool-1 - After adding stats (total=3, active=0, idle=3, waiting=0)
17:31:46.330 DEBUG [HikariPool-1 connection adder] [] com.zaxxer.hikari.pool.HikariPool - HikariPool-1 - Added connection conn3: url=jdbc:h2:mem:testdb user=SA
17:31:46.353 DEBUG [main] [] o.h.boot.model.relational.Namespace - Created database namespace [logicalName=Name{catalog=null, schema=null}, physicalName=Name{catalog=null, schema=null}]
17:31:46.361 DEBUG [HikariPool-1 connection adder] [] com.zaxxer.hikari.pool.HikariPool - HikariPool-1 - After adding stats (total=4, active=0, idle=4, waiting=0)
17:31:46.364 DEBUG [HikariPool-1 connection adder] [] com.zaxxer.hikari.pool.HikariPool - HikariPool-1 - Added connection conn4: url=jdbc:h2:mem:testdb user=SA
17:31:46.390 DEBUG [main] [] o.h.boot.model.internal.EntityBinder - Binding entity from annotated class: com.enterprise.totp.infrastructure.persistence.entity.UserMfaProfile
17:31:46.396 DEBUG [HikariPool-1 connection adder] [] com.zaxxer.hikari.pool.HikariPool - HikariPool-1 - After adding stats (total=5, active=0, idle=5, waiting=0)
17:31:46.397 DEBUG [HikariPool-1 connection adder] [] com.zaxxer.hikari.pool.HikariPool - HikariPool-1 - Added connection conn5: url=jdbc:h2:mem:testdb user=SA
17:31:46.400 DEBUG [main] [] o.h.boot.model.internal.EntityBinder - Import with entity name UserMfaProfile
17:31:46.412 DEBUG [main] [] o.h.boot.model.internal.EntityBinder - Bind entity com.enterprise.totp.infrastructure.persistence.entity.UserMfaProfile on table user_mfa_profile
17:31:46.428 DEBUG [HikariPool-1 connection adder] [] com.zaxxer.hikari.pool.HikariPool - HikariPool-1 - After adding stats (total=6, active=0, idle=6, waiting=0)
17:31:46.429 DEBUG [HikariPool-1 connection adder] [] com.zaxxer.hikari.pool.HikariPool - HikariPool-1 - Added connection conn6: url=jdbc:h2:mem:testdb user=SA
17:31:46.433 DEBUG [main] [] o.h.b.model.internal.AnnotatedColumn - Binding column: AnnotatedDiscriminatorColumn(column='DTYPE')
17:31:46.460 DEBUG [HikariPool-1 connection adder] [] com.zaxxer.hikari.pool.HikariPool - HikariPool-1 - After adding stats (total=7, active=0, idle=7, waiting=0)
17:31:46.461 DEBUG [HikariPool-1 connection adder] [] com.zaxxer.hikari.pool.HikariPool - HikariPool-1 - Added connection conn7: url=jdbc:h2:mem:testdb user=SA
17:31:46.475 DEBUG [main] [] o.h.b.model.internal.AnnotatedColumn - Binding column: AnnotatedColumn()
17:31:46.476 DEBUG [main] [] o.h.b.internal.ClassLoaderAccessImpl - Not known whether passed class name [com.enterprise.totp.infrastructure.persistence.entity.UserMfaProfile] is safe
17:31:46.476 DEBUG [main] [] o.h.b.internal.ClassLoaderAccessImpl - No temp ClassLoader provided; using live ClassLoader for loading potentially unsafe class : com.enterprise.totp.infrastructure.persistence.entity.UserMfaProfile
17:31:46.481 DEBUG [main] [] o.h.b.model.internal.PropertyBinder - MetadataSourceProcessor property id with lazy=false
17:31:46.490 DEBUG [main] [] o.h.b.m.i.AbstractPropertyHolder - Attempting to locate auto-apply AttributeConverter for property [com.enterprise.totp.infrastructure.persistence.entity.UserMfaProfile:id]
17:31:46.492 DEBUG [HikariPool-1 connection adder] [] com.zaxxer.hikari.pool.HikariPool - HikariPool-1 - After adding stats (total=8, active=0, idle=8, waiting=0)
17:31:46.492 DEBUG [main] [] o.h.b.m.c.i.AttributeConverterManager - Checking auto-apply AttributeConverter [com.enterprise.totp.infrastructure.persistence.converter.HmacAlgorithmConverter] (domain-type=Lcom/enterprise/totp/domain/algorithm/HmacAlgorithm;) for match against basic attribute : com.enterprise.totp.infrastructure.persistence.entity.UserMfaProfile.id (type=java.lang.Long)
17:31:46.493 DEBUG [HikariPool-1 connection adder] [] com.zaxxer.hikari.pool.HikariPool - HikariPool-1 - Added connection conn8: url=jdbc:h2:mem:testdb user=SA
17:31:46.502 DEBUG [main] [] o.h.b.m.internal.BasicValueBinder - building BasicValue for id
17:31:46.508 DEBUG [main] [] org.hibernate.mapping.BasicValue - Skipping column re-registration: user_mfa_profile.id
17:31:46.509 DEBUG [main] [] o.h.b.model.internal.PropertyBinder - Building property id
17:31:46.514 DEBUG [main] [] o.h.boot.model.internal.BinderHelper - #makeIdGenerator(BasicValue([Column(id)]), id, identity, , ...)
17:31:46.515 DEBUG [main] [] o.h.b.model.internal.AnnotatedColumn - Binding column: AnnotatedColumn(column='algorithm')
17:31:46.515 DEBUG [main] [] o.h.b.model.internal.PropertyBinder - MetadataSourceProcessor property algorithm with lazy=false
17:31:46.517 DEBUG [main] [] o.h.b.m.internal.BasicValueBinder - Applying JPA converter [com.enterprise.totp.infrastructure.persistence.entity.UserMfaProfile:algorithm]
17:31:46.517 DEBUG [main] [] o.h.b.m.internal.BasicValueBinder - building BasicValue for algorithm
17:31:46.517 DEBUG [main] [] org.hibernate.mapping.BasicValue - Skipping column re-registration: user_mfa_profile.algorithm
17:31:46.517 DEBUG [main] [] o.h.b.model.internal.PropertyBinder - Building property algorithm
17:31:46.520 DEBUG [main] [] o.h.b.model.internal.AnnotatedColumn - Binding column: AnnotatedColumn(column='created_at')
17:31:46.521 DEBUG [main] [] o.h.b.model.internal.PropertyBinder - MetadataSourceProcessor property createdAt with lazy=false
17:31:46.521 DEBUG [main] [] o.h.b.m.i.AbstractPropertyHolder - Attempting to locate auto-apply AttributeConverter for property [com.enterprise.totp.infrastructure.persistence.entity.UserMfaProfile:createdAt]
17:31:46.521 DEBUG [main] [] o.h.b.m.c.i.AttributeConverterManager - Checking auto-apply AttributeConverter [com.enterprise.totp.infrastructure.persistence.converter.HmacAlgorithmConverter] (domain-type=Lcom/enterprise/totp/domain/algorithm/HmacAlgorithm;) for match against basic attribute : com.enterprise.totp.infrastructure.persistence.entity.UserMfaProfile.createdAt (type=java.time.Instant)
17:31:46.521 DEBUG [main] [] o.h.b.m.internal.BasicValueBinder - building BasicValue for createdAt
17:31:46.521 DEBUG [main] [] org.hibernate.mapping.BasicValue - Skipping column re-registration: user_mfa_profile.created_at
17:31:46.521 DEBUG [main] [] o.h.b.model.internal.PropertyBinder - Building property createdAt
17:31:46.524 DEBUG [HikariPool-1 connection adder] [] com.zaxxer.hikari.pool.HikariPool - HikariPool-1 - After adding stats (total=9, active=0, idle=9, waiting=0)
17:31:46.524 DEBUG [main] [] o.h.b.model.internal.AnnotatedColumn - Binding column: AnnotatedColumn(column='enabled')
17:31:46.525 DEBUG [main] [] o.h.b.model.internal.PropertyBinder - MetadataSourceProcessor property enabled with lazy=false
17:31:46.525 DEBUG [main] [] o.h.b.m.i.AbstractPropertyHolder - Attempting to locate auto-apply AttributeConverter for property [com.enterprise.totp.infrastructure.persistence.entity.UserMfaProfile:enabled]
17:31:46.525 DEBUG [main] [] o.h.b.m.c.i.AttributeConverterManager - Checking auto-apply AttributeConverter [com.enterprise.totp.infrastructure.persistence.converter.HmacAlgorithmConverter] (domain-type=Lcom/enterprise/totp/domain/algorithm/HmacAlgorithm;) for match against basic attribute : com.enterprise.totp.infrastructure.persistence.entity.UserMfaProfile.enabled (type=boolean)
17:31:46.526 DEBUG [HikariPool-1 connection adder] [] com.zaxxer.hikari.pool.HikariPool - HikariPool-1 - Added connection conn9: url=jdbc:h2:mem:testdb user=SA
17:31:46.527 DEBUG [main] [] o.h.b.m.internal.BasicValueBinder - building BasicValue for enabled
17:31:46.527 DEBUG [main] [] org.hibernate.mapping.BasicValue - Skipping column re-registration: user_mfa_profile.enabled
17:31:46.527 DEBUG [main] [] o.h.b.model.internal.PropertyBinder - Building property enabled
17:31:46.527 DEBUG [main] [] o.h.b.model.internal.AnnotatedColumn - Binding column: AnnotatedColumn(column='encrypted_secret')
17:31:46.528 DEBUG [main] [] o.h.b.model.internal.PropertyBinder - MetadataSourceProcessor property encryptedSecret with lazy=false
17:31:46.528 DEBUG [main] [] o.h.b.m.i.AbstractPropertyHolder - Attempting to locate auto-apply AttributeConverter for property [com.enterprise.totp.infrastructure.persistence.entity.UserMfaProfile:encryptedSecret]
17:31:46.528 DEBUG [main] [] o.h.b.m.c.i.AttributeConverterManager - Checking auto-apply AttributeConverter [com.enterprise.totp.infrastructure.persistence.converter.HmacAlgorithmConverter] (domain-type=Lcom/enterprise/totp/domain/algorithm/HmacAlgorithm;) for match against basic attribute : com.enterprise.totp.infrastructure.persistence.entity.UserMfaProfile.encryptedSecret (type=java.lang.String)
17:31:46.528 DEBUG [main] [] o.h.b.m.internal.BasicValueBinder - building BasicValue for encryptedSecret
17:31:46.528 DEBUG [main] [] org.hibernate.mapping.BasicValue - Skipping column re-registration: user_mfa_profile.encrypted_secret
17:31:46.528 DEBUG [main] [] o.h.b.model.internal.PropertyBinder - Building property encryptedSecret
17:31:46.529 DEBUG [main] [] o.h.b.model.internal.AnnotatedColumn - Binding column: AnnotatedColumn(column='updated_at')
17:31:46.529 DEBUG [main] [] o.h.b.model.internal.PropertyBinder - MetadataSourceProcessor property updatedAt with lazy=false
17:31:46.529 DEBUG [main] [] o.h.b.m.i.AbstractPropertyHolder - Attempting to locate auto-apply AttributeConverter for property [com.enterprise.totp.infrastructure.persistence.entity.UserMfaProfile:updatedAt]
17:31:46.529 DEBUG [main] [] o.h.b.m.c.i.AttributeConverterManager - Checking auto-apply AttributeConverter [com.enterprise.totp.infrastructure.persistence.converter.HmacAlgorithmConverter] (domain-type=Lcom/enterprise/totp/domain/algorithm/HmacAlgorithm;) for match against basic attribute : com.enterprise.totp.infrastructure.persistence.entity.UserMfaProfile.updatedAt (type=java.time.Instant)
17:31:46.529 DEBUG [main] [] o.h.b.m.internal.BasicValueBinder - building BasicValue for updatedAt
17:31:46.529 DEBUG [main] [] org.hibernate.mapping.BasicValue - Skipping column re-registration: user_mfa_profile.updated_at
17:31:46.529 DEBUG [main] [] o.h.b.model.internal.PropertyBinder - Building property updatedAt
17:31:46.530 DEBUG [main] [] o.h.b.model.internal.AnnotatedColumn - Binding column: AnnotatedColumn(column='user_id')
17:31:46.530 DEBUG [main] [] o.h.b.model.internal.PropertyBinder - MetadataSourceProcessor property userId with lazy=false
17:31:46.530 DEBUG [main] [] o.h.b.m.i.AbstractPropertyHolder - Attempting to locate auto-apply AttributeConverter for property [com.enterprise.totp.infrastructure.persistence.entity.UserMfaProfile:userId]
17:31:46.530 DEBUG [main] [] o.h.b.m.c.i.AttributeConverterManager - Checking auto-apply AttributeConverter [com.enterprise.totp.infrastructure.persistence.converter.HmacAlgorithmConverter] (domain-type=Lcom/enterprise/totp/domain/algorithm/HmacAlgorithm;) for match against basic attribute : com.enterprise.totp.infrastructure.persistence.entity.UserMfaProfile.userId (type=java.lang.String)
17:31:46.530 DEBUG [main] [] o.h.b.m.internal.BasicValueBinder - building BasicValue for userId
17:31:46.530 DEBUG [main] [] org.hibernate.mapping.BasicValue - Skipping column re-registration: user_mfa_profile.user_id
17:31:46.530 DEBUG [main] [] o.h.b.model.internal.PropertyBinder - Building property userId
17:31:46.531 DEBUG [main] [] o.h.b.model.internal.AnnotatedColumn - Binding column: AnnotatedColumn(column='version')
17:31:46.531 DEBUG [main] [] o.h.b.model.internal.PropertyBinder - MetadataSourceProcessor property version with lazy=false
17:31:46.531 DEBUG [main] [] o.h.b.m.i.AbstractPropertyHolder - Attempting to locate auto-apply AttributeConverter for property [com.enterprise.totp.infrastructure.persistence.entity.UserMfaProfile:version]
17:31:46.531 DEBUG [main] [] o.h.b.m.c.i.AttributeConverterManager - Checking auto-apply AttributeConverter [com.enterprise.totp.infrastructure.persistence.converter.HmacAlgorithmConverter] (domain-type=Lcom/enterprise/totp/domain/algorithm/HmacAlgorithm;) for match against basic attribute : com.enterprise.totp.infrastructure.persistence.entity.UserMfaProfile.version (type=java.lang.Long)
17:31:46.531 DEBUG [main] [] o.h.b.m.internal.BasicValueBinder - building BasicValue for version
17:31:46.531 DEBUG [main] [] org.hibernate.mapping.BasicValue - Skipping column re-registration: user_mfa_profile.version
17:31:46.531 DEBUG [main] [] o.h.b.model.internal.PropertyBinder - Building property version
17:31:46.533 DEBUG [main] [] o.h.b.r.c.i.ClassLoaderServiceImpl - HHH000194: Package not found or no package-info.java: com.enterprise.totp.infrastructure.persistence.entity
17:31:46.542 DEBUG [main] [] o.h.b.m.internal.BasicValueBinder - Starting `BasicValueBinder#fillSimpleValue` for id
17:31:46.551 DEBUG [main] [] o.h.b.m.internal.BasicValueBinder - Starting `BasicValueBinder#fillSimpleValue` for algorithm
17:31:46.554 DEBUG [main] [] o.h.b.m.internal.BasicValueBinder - Starting `BasicValueBinder#fillSimpleValue` for createdAt
17:31:46.554 DEBUG [main] [] o.h.b.m.internal.BasicValueBinder - Starting `BasicValueBinder#fillSimpleValue` for enabled
17:31:46.554 DEBUG [main] [] o.h.b.m.internal.BasicValueBinder - Starting `BasicValueBinder#fillSimpleValue` for encryptedSecret
17:31:46.554 DEBUG [main] [] o.h.b.m.internal.BasicValueBinder - Starting `BasicValueBinder#fillSimpleValue` for updatedAt
17:31:46.555 DEBUG [main] [] o.h.b.m.internal.BasicValueBinder - Starting `BasicValueBinder#fillSimpleValue` for userId
17:31:46.555 DEBUG [main] [] o.h.b.m.internal.BasicValueBinder - Starting `BasicValueBinder#fillSimpleValue` for version
17:31:46.561 DEBUG [main] [] org.hibernate.mapping.PrimaryKey - Forcing column [id] to be non-null as it is part of the primary key for table [user_mfa_profile]
17:31:46.572 DEBUG [HikariPool-1 connection adder] [] com.zaxxer.hikari.pool.HikariPool - HikariPool-1 - After adding stats (total=10, active=0, idle=10, waiting=0)
17:31:46.744 DEBUG [main] [] o.h.internal.SessionFactoryImpl - Building session factory
17:31:46.867 DEBUG [main] [] o.h.s.i.SessionFactoryServiceRegistryImpl - EventListenerRegistry access via ServiceRegistry is deprecated.  Use `sessionFactory.getEventEngine().getListenerRegistry()` instead
17:31:46.869 DEBUG [main] [] o.h.internal.SessionFactoryImpl - Instantiating SessionFactory with settings: {java.specification.version=25, sun.cpu.isalist=amd64, hibernate.resource.beans.container=org.springframework.orm.hibernate5.SpringBeanContainer@6870a76f, hibernate.connection.handling_mode=DELAYED_ACQUISITION_AND_HOLD, sun.jnu.encoding=Cp1252, hibernate.dialect=org.hibernate.dialect.H2Dialect, hibernate.implicit_naming_strategy=org.springframework.boot.orm.jpa.hibernate.SpringImplicitNamingStrategy, java.class.path=C:\Users\pawan\OneDrive\Desktop\project\distributed-totp-engine\target\test-classes;C:\Users\pawan\OneDrive\Desktop\project\distributed-totp-engine\target\classes;C:\Users\pawan\.m2\repository\org\springframework\boot\spring-boot-starter-web\3.3.5\spring-boot-starter-web-3.3.5.jar;C:\Users\pawan\.m2\repository\org\springframework\boot\spring-boot-starter\3.3.5\spring-boot-starter-3.3.5.jar;C:\Users\pawan\.m2\repository\org\springframework\boot\spring-boot\3.3.5\spring-boot-3.3.5.jar;C:\Users\pawan\.m2\repository\org\springframework\boot\spring-boot-autoconfigure\3.3.5\spring-boot-autoconfigure-3.3.5.jar;C:\Users\pawan\.m2\repository\org\springframework\boot\spring-boot-starter-logging\3.3.5\spring-boot-starter-logging-3.3.5.jar;C:\Users\pawan\.m2\repository\ch\qos\logback\logback-classic\1.5.11\logback-classic-1.5.11.jar;C:\Users\pawan\.m2\repository\ch\qos\logback\logback-core\1.5.11\logback-core-1.5.11.jar;C:\Users\pawan\.m2\repository\org\apache\logging\log4j\log4j-to-slf4j\2.23.1\log4j-to-slf4j-2.23.1.jar;C:\Users\pawan\.m2\repository\org\apache\logging\log4j\log4j-api\2.23.1\log4j-api-2.23.1.jar;C:\Users\pawan\.m2\repository\org\slf4j\jul-to-slf4j\2.0.16\jul-to-slf4j-2.0.16.jar;C:\Users\pawan\.m2\repository\jakarta\annotation\jakarta.annotation-api\2.1.1\jakarta.annotation-api-2.1.1.jar;C:\Users\pawan\.m2\repository\org\yaml\snakeyaml\2.2\snakeyaml-2.2.jar;C:\Users\pawan\.m2\repository\org\springframework\boot\spring-boot-starter-json\3.3.5\spring-boot-starter-json-3.3.5.jar;C:\Users\pawan\.m2\repository\com\fasterxml\jackson\datatype\jackson-datatype-jdk8\2.17.2\jackson-datatype-jdk8-2.17.2.jar;C:\Users\pawan\.m2\repository\com\fasterxml\jackson\datatype\jackson-datatype-jsr310\2.17.2\jackson-datatype-jsr310-2.17.2.jar;C:\Users\pawan\.m2\repository\com\fasterxml\jackson\module\jackson-module-parameter-names\2.17.2\jackson-module-parameter-names-2.17.2.jar;C:\Users\pawan\.m2\repository\org\springframework\boot\spring-boot-starter-tomcat\3.3.5\spring-boot-starter-tomcat-3.3.5.jar;C:\Users\pawan\.m2\repository\org\apache\tomcat\embed\tomcat-embed-core\10.1.31\tomcat-embed-core-10.1.31.jar;C:\Users\pawan\.m2\repository\org\apache\tomcat\embed\tomcat-embed-websocket\10.1.31\tomcat-embed-websocket-10.1.31.jar;C:\Users\pawan\.m2\repository\org\springframework\spring-web\6.1.14\spring-web-6.1.14.jar;C:\Users\pawan\.m2\repository\org\springframework\spring-beans\6.1.14\spring-beans-6.1.14.jar;C:\Users\pawan\.m2\repository\org\springframework\spring-webmvc\6.1.14\spring-webmvc-6.1.14.jar;C:\Users\pawan\.m2\repository\org\springframework\spring-context\6.1.14\spring-context-6.1.14.jar;C:\Users\pawan\.m2\repository\org\springframework\spring-expression\6.1.14\spring-expression-6.1.14.jar;C:\Users\pawan\.m2\repository\org\springframework\boot\spring-boot-starter-data-jpa\3.3.5\spring-boot-starter-data-jpa-3.3.5.jar;C:\Users\pawan\.m2\repository\org\springframework\boot\spring-boot-starter-aop\3.3.5\spring-boot-starter-aop-3.3.5.jar;C:\Users\pawan\.m2\repository\org\aspectj\aspectjweaver\1.9.22.1\aspectjweaver-1.9.22.1.jar;C:\Users\pawan\.m2\repository\org\springframework\boot\spring-boot-starter-jdbc\3.3.5\spring-boot-starter-jdbc-3.3.5.jar;C:\Users\pawan\.m2\repository\com\zaxxer\HikariCP\5.1.0\HikariCP-5.1.0.jar;C:\Users\pawan\.m2\repository\org\springframework\spring
[...]
         - @ConditionalOnClass did not find required class 'org.eclipse.jetty.ee10.websocket.jakarta.server.config.JakartaWebSocketServletContainerInitializer' (OnClassCondition)

   WebSocketServletAutoConfiguration.UndertowWebSocketConfiguration:
      Did not match:
         - @ConditionalOnClass did not find required class 'io.undertow.websockets.jsr.Bootstrap' (OnClassCondition)

   WebTestClientAutoConfiguration:
      Did not match:
         - @ConditionalOnClass did not find required class 'org.springframework.web.reactive.function.client.WebClient' (OnClassCondition)

   XADataSourceAutoConfiguration:
      Did not match:
         - @ConditionalOnBean (types: org.springframework.boot.jdbc.XADataSourceWrapper; SearchStrategy: all) did not find any beans of type org.springframework.boot.jdbc.XADataSourceWrapper (OnBeanCondition)
      Matched:
         - @ConditionalOnClass found required classes 'javax.sql.DataSource', 'jakarta.transaction.TransactionManager', 'org.springframework.jdbc.datasource.embedded.EmbeddedDatabaseType' (OnClassCondition)

   ZipkinAutoConfiguration:
      Did not match:
         - @ConditionalOnClass did not find required class 'zipkin2.reporter.Encoding' (OnClassCondition)


Exclusions:
-----------

    org.springframework.boot.autoconfigure.flyway.FlywayAutoConfiguration

    org.springframework.boot.autoconfigure.flyway.FlywayAutoConfiguration


Unconditional classes:
----------------------

    org.springframework.boot.autoconfigure.context.ConfigurationPropertiesAutoConfiguration

    org.springframework.boot.actuate.autoconfigure.availability.AvailabilityHealthContributorAutoConfiguration

    org.springframework.boot.autoconfigure.ssl.SslAutoConfiguration

    org.springframework.boot.actuate.autoconfigure.info.InfoContributorAutoConfiguration

    org.springframework.boot.autoconfigure.context.PropertyPlaceholderAutoConfiguration

    org.springframework.boot.autoconfigure.context.LifecycleAutoConfiguration

    org.springframework.boot.actuate.autoconfigure.metrics.integration.IntegrationMetricsAutoConfiguration

    org.springframework.boot.actuate.autoconfigure.endpoint.EndpointAutoConfiguration

    org.springframework.boot.actuate.autoconfigure.web.server.ManagementContextAutoConfiguration

    org.springframework.boot.actuate.autoconfigure.health.HealthContributorAutoConfiguration

    org.springframework.boot.actuate.autoconfigure.endpoint.jackson.JacksonEndpointAutoConfiguration

    org.springframework.boot.autoconfigure.availability.ApplicationAvailabilityAutoConfiguration

    org.springframework.boot.autoconfigure.info.ProjectInfoAutoConfiguration



17:32:01.017 INFO  [main] [] c.e.totp.api.ActuatorSecurityTest - Started ActuatorSecurityTest in 23.789 seconds (process running for 26.654)
17:32:01.073 DEBUG [totp-replay-cache-eviction] [] c.e.totp.config.SchedulerConfig - replay.cache.eviction: threshold=59398562 size=0
17:32:01.281 DEBUG [main] [] o.s.b.a.ApplicationAvailabilityBean - Application availability state LivenessState changed to CORRECT
17:32:01.286 DEBUG [main] [] o.s.b.c.p.s.ConfigurationPropertySourcesPropertyResolver$DefaultResolver - Found key 'TOTP_ENCRYPTION_KEY' in PropertySource 'Inlined Test Properties' with value of type String
17:32:01.286 INFO  [main] [] c.e.t.c.ApplicationStartupValidator - startup.validation OK: AES key validated from env var 'TOTP_ENCRYPTION_KEY', length=32 bytes
17:32:01.288 INFO  [main] [] c.e.totp.config.JitWarmupRunner - jit.warmup: disabled (totp.warmup.enabled=false)
17:32:01.289 DEBUG [main] [] o.s.b.a.ApplicationAvailabilityBean - Application availability state ReadinessState changed to ACCEPTING_TRAFFIC
17:32:01.295 DEBUG [main] [] o.springframework.test.context.cache - Spring test ApplicationContext cache statistics: [DefaultContextCache@3b60f14c size = 1, maxSize = 32, parentContextCount = 0, hitCount = 0, missCount = 1, failureCount = 0]
17:32:01.296 DEBUG [main] [] o.s.t.c.w.ServletTestExecutionListener - Setting up MockHttpServletRequest, MockHttpServletResponse, ServletWebRequest, and RequestContextHolder for test class com.enterprise.totp.api.ActuatorSecurityTest
17:32:01.317 DEBUG [main] [] o.s.t.c.s.DependencyInjectionTestExecutionListener - Performing dependency injection for test class com.enterprise.totp.api.ActuatorSecurityTest
17:32:01.317 DEBUG [main] [] o.springframework.test.context.cache - Spring test ApplicationContext cache statistics: [DefaultContextCache@3b60f14c size = 1, maxSize = 32, parentContextCount = 0, hitCount = 1, missCount = 1, failureCount = 0]
17:32:01.321 DEBUG [main] [] o.springframework.test.context.cache - Spring test ApplicationContext cache statistics: [DefaultContextCache@3b60f14c size = 1, maxSize = 32, parentContextCount = 0, hitCount = 2, missCount = 1, failureCount = 0]
17:32:01.335 DEBUG [main] [] o.s.t.c.s.DirtiesContextBeforeModesTestExecutionListener - Before test method: class [ActuatorSecurityTest], method [metricsEndpointRequiresAuthentication], class annotated with @DirtiesContext [false] with mode [null], method annotated with @DirtiesContext [false] with mode [null]
17:32:01.346 DEBUG [main] [] o.springframework.test.context.cache - Spring test ApplicationContext cache statistics: [DefaultContextCache@3b60f14c size = 1, maxSize = 32, parentContextCount = 0, hitCount = 3, missCount = 1, failureCount = 0]
17:32:01.348 DEBUG [main] [] o.springframework.test.context.cache - Spring test ApplicationContext cache statistics: [DefaultContextCache@3b60f14c size = 1, maxSize = 32, parentContextCount = 0, hitCount = 4, missCount = 1, failureCount = 0]
17:32:02.214 DEBUG [main] [] o.springframework.test.context.cache - Spring test ApplicationContext cache statistics: [DefaultContextCache@3b60f14c size = 1, maxSize = 32, parentContextCount = 0, hitCount = 5, missCount = 1, failureCount = 0]
17:32:02.394 DEBUG [main] [] o.springframework.test.context.cache - Spring test ApplicationContext cache statistics: [DefaultContextCache@3b60f14c size = 1, maxSize = 32, parentContextCount = 0, hitCount = 6, missCount = 1, failureCount = 0]
17:32:02.398 DEBUG [main] [] o.springframework.test.context.cache - Spring test ApplicationContext cache statistics: [DefaultContextCache@3b60f14c size = 1, maxSize = 32, parentContextCount = 0, hitCount = 7, missCount = 1, failureCount = 0]
17:32:02.398 DEBUG [main] [] o.springframework.test.context.cache - Spring test ApplicationContext cache statistics: [DefaultContextCache@3b60f14c size = 1, maxSize = 32, parentContextCount = 0, hitCount = 8, missCount = 1, failureCount = 0]
17:32:02.398 DEBUG [main] [] o.springframework.test.context.cache - Spring test ApplicationContext cache statistics: [DefaultContextCache@3b60f14c size = 1, maxSize = 32, parentContextCount = 0, hitCount = 9, missCount = 1, failureCount = 0]
17:32:02.400 DEBUG [main] [] o.springframework.test.context.cache - Spring test ApplicationContext cache statistics: [DefaultContextCache@3b60f14c size = 1, maxSize = 32, parentContextCount = 0, hitCount = 10, missCount = 1, failureCount = 0]
17:32:02.407 DEBUG [main] [] o.springframework.test.context.cache - Spring test ApplicationContext cache statistics: [DefaultContextCache@3b60f14c size = 1, maxSize = 32, parentContextCount = 0, hitCount = 11, missCount = 1, failureCount = 0]
17:32:02.409 DEBUG [main] [] o.springframework.test.context.cache - Spring test ApplicationContext cache statistics: [DefaultContextCache@3b60f14c size = 1, maxSize = 32, parentContextCount = 0, hitCount = 12, missCount = 1, failureCount = 0]
17:32:02.411 DEBUG [main] [] o.s.t.c.s.DirtiesContextTestExecutionListener - After test method: class [ActuatorSecurityTest], method [metricsEndpointRequiresAuthentication], class annotated with @DirtiesContext [false] with mode [null], method annotated with @DirtiesContext [false] with mode [null]
17:32:02.411 DEBUG [main] [] o.s.t.c.w.ServletTestExecutionListener - Resetting RequestContextHolder for test class com.enterprise.totp.api.ActuatorSecurityTest
]]></system-out>
    <system-err><![CDATA[WARNING: A Java agent has been loaded dynamically (C:\Users\pawan\.m2\repository\net\bytebuddy\byte-buddy-agent\1.14.19\byte-buddy-agent-1.14.19.jar)
WARNING: If a serviceability tool is in use, please run with -XX:+EnableDynamicAgentLoading to hide this warning
WARNING: If a serviceability tool is not in use, please run with -Djdk.instrument.traceUsage for more information
WARNING: Dynamic loading of agents will be disallowed by default in a future release
]]></system-err>
  </testcase>
  <testcase name="metricsEndpointAccessibleWithActuatorCredentials" classname="com.enterprise.totp.api.ActuatorSecurityTest" time="0.554">
    <system-out><![CDATA[17:32:02.430 DEBUG [main] [] o.springframework.test.context.cache - Spring test ApplicationContext cache statistics: [DefaultContextCache@3b60f14c size = 1, maxSize = 32, parentContextCount = 0, hitCount = 13, missCount = 1, failureCount = 0]
17:32:02.433 DEBUG [main] [] o.s.t.c.w.ServletTestExecutionListener - Setting up MockHttpServletRequest, MockHttpServletResponse, ServletWebRequest, and RequestContextHolder for test class com.enterprise.totp.api.ActuatorSecurityTest
17:32:02.434 DEBUG [main] [] o.s.t.c.s.DependencyInjectionTestExecutionListener - Performing dependency injection for test class com.enterprise.totp.api.ActuatorSecurityTest
17:32:02.434 DEBUG [main] [] o.springframework.test.context.cache - Spring test ApplicationContext cache statistics: [DefaultContextCache@3b60f14c size = 1, maxSize = 32, parentContextCount = 0, hitCount = 14, missCount = 1, failureCount = 0]
17:32:02.436 DEBUG [main] [] o.springframework.test.context.cache - Spring test ApplicationContext cache statistics: [DefaultContextCache@3b60f14c size = 1, maxSize = 32, parentContextCount = 0, hitCount = 15, missCount = 1, failureCount = 0]
17:32:02.440 DEBUG [main] [] o.s.t.c.s.DirtiesContextBeforeModesTestExecutionListener - Before test method: class [ActuatorSecurityTest], method [metricsEndpointAccessibleWithActuatorCredentials], class annotated with @DirtiesContext [false] with mode [null], method annotated with @DirtiesContext [false] with mode [null]
17:32:02.441 DEBUG [main] [] o.springframework.test.context.cache - Spring test ApplicationContext cache statistics: [DefaultContextCache@3b60f14c size = 1, maxSize = 32, parentContextCount = 0, hitCount = 16, missCount = 1, failureCount = 0]
17:32:02.442 DEBUG [main] [] o.springframework.test.context.cache - Spring test ApplicationContext cache statistics: [DefaultContextCache@3b60f14c size = 1, maxSize = 32, parentContextCount = 0, hitCount = 17, missCount = 1, failureCount = 0]
17:32:02.445 DEBUG [main] [] o.springframework.test.context.cache - Spring test ApplicationContext cache statistics: [DefaultContextCache@3b60f14c size = 1, maxSize = 32, parentContextCount = 0, hitCount = 18, missCount = 1, failureCount = 0]
17:32:02.781 DEBUG [main] [7bff713b-98eb-4fb2-9fc9-5d788ec2383c] o.s.t.w.s.TestDispatcherServlet - GET "/actuator/metrics", parameters={}
17:32:02.786 DEBUG [main] [7bff713b-98eb-4fb2-9fc9-5d788ec2383c] o.s.b.a.e.w.s.WebMvcEndpointHandlerMapping - Mapped to Actuator web endpoint 'metrics'
17:32:02.819 DEBUG [main] [7bff713b-98eb-4fb2-9fc9-5d788ec2383c] o.s.w.s.m.m.a.RequestResponseBodyMethodProcessor - Read "application/octet-stream" to []
17:32:02.853 DEBUG [main] [7bff713b-98eb-4fb2-9fc9-5d788ec2383c] o.s.w.s.m.m.a.RequestResponseBodyMethodProcessor - Using 'application/vnd.spring-boot.actuator.v3+json', given [*/*] and supported [application/vnd.spring-boot.actuator.v3+json, application/vnd.spring-boot.actuator.v2+json, application/json]
17:32:02.925 DEBUG [main] [7bff713b-98eb-4fb2-9fc9-5d788ec2383c] o.s.w.s.m.m.a.RequestResponseBodyMethodProcessor - Writing [org.springframework.boot.actuate.metrics.MetricsEndpoint$MetricNamesDescriptor@290def7d]
17:32:02.968 DEBUG [main] [7bff713b-98eb-4fb2-9fc9-5d788ec2383c] o.s.t.w.s.TestDispatcherServlet - Completed 200 OK
17:32:02.979 DEBUG [main] [] o.springframework.test.context.cache - Spring test ApplicationContext cache statistics: [DefaultContextCache@3b60f14c size = 1, maxSize = 32, parentContextCount = 0, hitCount = 19, missCount = 1, failureCount = 0]
17:32:02.981 DEBUG [main] [] o.springframework.test.context.cache - Spring test ApplicationContext cache statistics: [DefaultContextCache@3b60f14c size = 1, maxSize = 32, parentContextCount = 0, hitCount = 20, missCount = 1, failureCount = 0]
17:32:02.982 DEBUG [main] [] o.springframework.test.context.cache - Spring test ApplicationContext cache statistics: [DefaultContextCache@3b60f14c size = 1, maxSize = 32, parentContextCount = 0, hitCount = 21, missCount = 1, failureCount = 0]
17:32:02.982 DEBUG [main] [] o.springframework.test.context.cache - Spring test ApplicationContext cache statistics: [DefaultContextCache@3b60f14c size = 1, maxSize = 32, parentContextCount = 0, hitCount = 22, missCount = 1, failureCount = 0]
17:32:02.986 DEBUG [main] [] o.springframework.test.context.cache - Spring test ApplicationContext cache statistics: [DefaultContextCache@3b60f14c size = 1, maxSize = 32, parentContextCount = 0, hitCount = 23, missCount = 1, failureCount = 0]
17:32:02.989 DEBUG [main] [] o.springframework.test.context.cache - Spring test ApplicationContext cache statistics: [DefaultContextCache@3b60f14c size = 1, maxSize = 32, parentContextCount = 0, hitCount = 24, missCount = 1, failureCount = 0]
17:32:02.990 DEBUG [main] [] o.springframework.test.context.cache - Spring test ApplicationContext cache statistics: [DefaultContextCache@3b60f14c size = 1, maxSize = 32, parentContextCount = 0, hitCount = 25, missCount = 1, failureCount = 0]
17:32:02.990 DEBUG [main] [] o.s.t.c.s.DirtiesContextTestExecutionListener - After test method: class [ActuatorSecurityTest], method [metricsEndpointAccessibleWithActuatorCredentials], class annotated with @DirtiesContext [false] with mode [null], method annotated with @DirtiesContext [false] with mode [null]
17:32:02.990 DEBUG [main] [] o.s.t.c.w.ServletTestExecutionListener - Resetting RequestContextHolder for test class com.enterprise.totp.api.ActuatorSecurityTest
]]></system-out>
  </testcase>
  <testcase name="healthEndpointIsPublic" classname="com.enterprise.totp.api.ActuatorSecurityTest" time="0.465">
    <system-out><![CDATA[17:32:02.993 DEBUG [main] [] o.springframework.test.context.cache - Spring test ApplicationContext cache statistics: [DefaultContextCache@3b60f14c size = 1, maxSize = 32, parentContextCount = 0, hitCount = 26, missCount = 1, failureCount = 0]
17:32:02.993 DEBUG [main] [] o.s.t.c.w.ServletTestExecutionListener - Setting up MockHttpServletRequest, MockHttpServletResponse, ServletWebRequest, and RequestContextHolder for test class com.enterprise.totp.api.ActuatorSecurityTest
17:32:02.994 DEBUG [main] [] o.s.t.c.s.DependencyInjectionTestExecutionListener - Performing dependency injection for test class com.enterprise.totp.api.ActuatorSecurityTest
17:32:02.994 DEBUG [main] [] o.springframework.test.context.cache - Spring test ApplicationContext cache statistics: [DefaultContextCache@3b60f14c size = 1, maxSize = 32, parentContextCount = 0, hitCount = 27, missCount = 1, failureCount = 0]
17:32:03.015 DEBUG [main] [] o.springframework.test.context.cache - Spring test ApplicationContext cache statistics: [DefaultContextCache@3b60f14c size = 1, maxSize = 32, parentContextCount = 0, hitCount = 28, missCount = 1, failureCount = 0]
17:32:03.019 DEBUG [main] [] o.s.t.c.s.DirtiesContextBeforeModesTestExecutionListener - Before test method: class [ActuatorSecurityTest], method [healthEndpointIsPublic], class annotated with @DirtiesContext [false] with mode [null], method annotated with @DirtiesContext [false] with mode [null]
17:32:03.019 DEBUG [main] [] o.springframework.test.context.cache - Spring test ApplicationContext cache statistics: [DefaultContextCache@3b60f14c size = 1, maxSize = 32, parentContextCount = 0, hitCount = 29, missCount = 1, failureCount = 0]
17:32:03.032 DEBUG [main] [] o.springframework.test.context.cache - Spring test ApplicationContext cache statistics: [DefaultContextCache@3b60f14c size = 1, maxSize = 32, parentContextCount = 0, hitCount = 30, missCount = 1, failureCount = 0]
17:32:03.036 DEBUG [main] [] o.springframework.test.context.cache - Spring test ApplicationContext cache statistics: [DefaultContextCache@3b60f14c size = 1, maxSize = 32, parentContextCount = 0, hitCount = 31, missCount = 1, failureCount = 0]
17:32:03.050 DEBUG [main] [2fa7690c-d9f4-4e31-9cee-63e04f6bd960] o.s.t.w.s.TestDispatcherServlet - GET "/actuator/health", parameters={}
17:32:03.051 DEBUG [main] [2fa7690c-d9f4-4e31-9cee-63e04f6bd960] o.s.b.a.e.w.s.WebMvcEndpointHandlerMapping - Mapped to Actuator web endpoint 'health'
17:32:03.051 DEBUG [main] [2fa7690c-d9f4-4e31-9cee-63e04f6bd960] o.s.w.s.m.m.a.RequestResponseBodyMethodProcessor - Read "application/octet-stream" to []
17:32:03.114 DEBUG [main] [2fa7690c-d9f4-4e31-9cee-63e04f6bd960] o.s.jdbc.datasource.DataSourceUtils - Fetching JDBC Connection from DataSource
17:32:03.125 DEBUG [main] [2fa7690c-d9f4-4e31-9cee-63e04f6bd960] o.s.jdbc.datasource.DataSourceUtils - Fetching JDBC Connection from DataSource
17:32:03.134 DEBUG [main] [2fa7690c-d9f4-4e31-9cee-63e04f6bd960] o.s.w.s.m.m.a.HttpEntityMethodProcessor - Using 'application/vnd.spring-boot.actuator.v3+json', given [*/*] and supported [application/vnd.spring-boot.actuator.v3+json, application/vnd.spring-boot.actuator.v2+json, application/json]
17:32:03.186 DEBUG [main] [2fa7690c-d9f4-4e31-9cee-63e04f6bd960] o.s.w.s.m.m.a.HttpEntityMethodProcessor - Writing [org.springframework.boot.actuate.health.SystemHealth@2d9c3a0e]
17:32:03.187 DEBUG [main] [2fa7690c-d9f4-4e31-9cee-63e04f6bd960] o.s.t.w.s.TestDispatcherServlet - Completed 200 OK
17:32:03.191 DEBUG [main] [] o.springframework.test.context.cache - Spring test ApplicationContext cache statistics: [DefaultContextCache@3b60f14c size = 1, maxSize = 32, parentContextCount = 0, hitCount = 32, missCount = 1, failureCount = 0]
17:32:03.250 DEBUG [main] [] o.springframework.test.context.cache - Spring test ApplicationContext cache statistics: [DefaultContextCache@3b60f14c size = 1, maxSize = 32, parentContextCount = 0, hitCount = 33, missCount = 1, failureCount = 0]
17:32:03.300 DEBUG [main] [] o.springframework.test.context.cache - Spring test ApplicationContext cache statistics: [DefaultContextCache@3b60f14c size = 1, maxSize = 32, parentContextCount = 0, hitCount = 34, missCount = 1, failureCount = 0]
17:32:03.300 DEBUG [main] [] o.springframework.test.context.cache - Spring test ApplicationContext cache statistics: [DefaultContextCache@3b60f14c size = 1, maxSize = 32, parentContextCount = 0, hitCount = 35, missCount = 1, failureCount = 0]
17:32:03.477 DEBUG [main] [] o.springframework.test.context.cache - Spring test ApplicationContext cache statistics: [DefaultContextCache@3b60f14c size = 1, maxSize = 32, parentContextCount = 0, hitCount = 36, missCount = 1, failureCount = 0]
17:32:03.480 DEBUG [main] [] o.springframework.test.context.cache - Spring test ApplicationContext cache statistics: [DefaultContextCache@3b60f14c size = 1, maxSize = 32, parentContextCount = 0, hitCount = 37, missCount = 1, failureCount = 0]
17:32:03.480 DEBUG [main] [] o.springframework.test.context.cache - Spring test ApplicationContext cache statistics: [DefaultContextCache@3b60f14c size = 1, maxSize = 32, parentContextCount = 0, hitCount = 38, missCount = 1, failureCount = 0]
17:32:03.481 DEBUG [main] [] o.s.t.c.s.DirtiesContextTestExecutionListener - After test method: class [ActuatorSecurityTest], method [healthEndpointIsPublic], class annotated with @DirtiesContext [false] with mode [null], method annotated with @DirtiesContext [false] with mode [null]
17:32:03.481 DEBUG [main] [] o.s.t.c.w.ServletTestExecutionListener - Resetting RequestContextHolder for test class com.enterprise.totp.api.ActuatorSecurityTest
]]></system-out>
  </testcase>
</testsuite>